#
# There is insufficient memory for the Java Runtime Environment to continue.
# Native memory allocation (malloc) failed to allocate 1036176 bytes for Chunk::new
# Possible reasons:
#   The system is out of physical RAM or swap space
#   The process is running with CompressedOops enabled, and the Java Heap may be blocking the growth of the native heap
# Possible solutions:
#   Reduce memory load on the system
#   Increase physical memory or swap space
#   Check if swap backing store is full
#   Decrease Java heap size (-Xmx/-Xms)
#   Decrease number of Java threads
#   Decrease Java thread stack sizes (-Xss)
#   Set larger code cache with -XX:ReservedCodeCacheSize=
#   JVM is running with Unscaled Compressed Oops mode in which the Java heap is
#     placed in the first 4GB address space. The Java Heap base address is the
#     maximum limit for the native heap growth. Please use -XX:HeapBaseMinAddress
#     to set the Java Heap base and to place the Java Heap above 4GB virtual address.
# This output file may be truncated or incomplete.
#
#  Out of Memory Error (./src/hotspot/share/memory/arena.cpp:197), pid=11716, tid=14676
#
# JRE version: OpenJDK Runtime Environment Corretto-11.0.14.10.1 (11.0.14.1+10) (build 11.0.14.1+10-LTS)
# Java VM: OpenJDK 64-Bit Server VM Corretto-11.0.14.10.1 (11.0.14.1+10-LTS, mixed mode, tiered, compressed oops, g1 gc, windows-amd64)
# No core dump will be written. Minidumps are not enabled by default on client versions of Windows
#

---------------  S U M M A R Y ------------

Command Line: -ea -DnodeNamesHandler=org.jetbrains.plugins.cucumber.java.run.CucumberTestTreeNodeManager -Didea.test.cyclic.buffer.size=1048576 -javaagent:C:\Program Files\JetBrains\IntelliJ IDEA Community Edition 2021.3.3\lib\idea_rt.jar=50183:C:\Program Files\JetBrains\IntelliJ IDEA Community Edition 2021.3.3\bin -Dfile.encoding=UTF-8 com.intellij.rt.junit.JUnitStarter -ideVersion5 -junit4 com.qascriptcucumber.TestRunner

Host: Intel(R) Core(TM) i3-6006U CPU @ 2.00GHz, 4 cores, 3G,  Windows 10 , 64 bit Build 19041 (10.0.19041.3155)
Time: Sun Aug  6 00:56:35 2023 India Standard Time elapsed time: 4.929298 seconds (0d 0h 0m 4s)

---------------  T H R E A D  ---------------

Current thread (0x0000023d7fa3a800):  JavaThread "C2 CompilerThread0" daemon [_thread_in_native, id=14676, stack(0x000000f309800000,0x000000f309900000)]


Current CompileTask:
C2:   4929 2299       4       java.net.URLStreamHandler::parseURL (1201 bytes)

Stack: [0x000000f309800000,0x000000f309900000]
Native frames: (J=compiled Java code, j=interpreted, Vv=VM code, C=native code)
V  [jvm.dll+0x61e62a]
V  [jvm.dll+0x7ab569]
V  [jvm.dll+0x7acc58]
V  [jvm.dll+0x7ad333]
V  [jvm.dll+0x24f7f8]
V  [jvm.dll+0xc260c]
V  [jvm.dll+0xc2bcc]
V  [jvm.dll+0x359a97]
V  [jvm.dll+0x325a13]
V  [jvm.dll+0x324d4a]
V  [jvm.dll+0x208c35]
V  [jvm.dll+0x207e1d]
V  [jvm.dll+0x18a2d1]
V  [jvm.dll+0x217574]
V  [jvm.dll+0x2157bb]
V  [jvm.dll+0x76e0c0]
V  [jvm.dll+0x767024]
V  [jvm.dll+0x61d486]
C  [ucrtbase.dll+0x21bb2]
C  [KERNEL32.DLL+0x17614]
C  [ntdll.dll+0x526b1]


---------------  P R O C E S S  ---------------

Threads class SMR info:
_java_thread_list=0x0000023d7fe214c0, length=11, elements={
0x0000023d76811800, 0x0000023d7f9d0000, 0x0000023d7f9d0800, 0x0000023d7fa28800,
0x0000023d7fa29800, 0x0000023d7fa2c000, 0x0000023d7fa3a800, 0x0000023d7fa3f800,
0x0000023d7fa43800, 0x0000023d768d0000, 0x0000023d7fe27000
}

Java Threads: ( => current thread )
  0x0000023d76811800 JavaThread "main" [_thread_in_native, id=9708, stack(0x000000f308b00000,0x000000f308c00000)]
  0x0000023d7f9d0000 JavaThread "Reference Handler" daemon [_thread_blocked, id=5108, stack(0x000000f309300000,0x000000f309400000)]
  0x0000023d7f9d0800 JavaThread "Finalizer" daemon [_thread_blocked, id=14832, stack(0x000000f309400000,0x000000f309500000)]
  0x0000023d7fa28800 JavaThread "Signal Dispatcher" daemon [_thread_blocked, id=12392, stack(0x000000f309500000,0x000000f309600000)]
  0x0000023d7fa29800 JavaThread "Attach Listener" daemon [_thread_blocked, id=12516, stack(0x000000f309600000,0x000000f309700000)]
  0x0000023d7fa2c000 JavaThread "Service Thread" daemon [_thread_blocked, id=6940, stack(0x000000f309700000,0x000000f309800000)]
=>0x0000023d7fa3a800 JavaThread "C2 CompilerThread0" daemon [_thread_in_native, id=14676, stack(0x000000f309800000,0x000000f309900000)]
  0x0000023d7fa3f800 JavaThread "C1 CompilerThread0" daemon [_thread_blocked, id=13492, stack(0x000000f309900000,0x000000f309a00000)]
  0x0000023d7fa43800 JavaThread "Sweeper thread" daemon [_thread_blocked, id=1952, stack(0x000000f309a00000,0x000000f309b00000)]
  0x0000023d768d0000 JavaThread "Common-Cleaner" daemon [_thread_blocked, id=15240, stack(0x000000f309b00000,0x000000f309c00000)]
  0x0000023d7fe27000 JavaThread "Monitor Ctrl-Break" daemon [_thread_in_native, id=8564, stack(0x000000f309c00000,0x000000f309d00000)]

Other Threads:
  0x0000023d7f9ab000 VMThread "VM Thread" [stack: 0x000000f309200000,0x000000f309300000] [id=3724]
  0x0000023d7fe28000 WatcherThread [stack: 0x000000f309d00000,0x000000f309e00000] [id=8840]
  0x0000023d7682a800 GCTaskThread "GC Thread#0" [stack: 0x000000f308d00000,0x000000f308e00000] [id=11728]
  0x0000023d140bb800 GCTaskThread "GC Thread#1" [stack: 0x000000f309e00000,0x000000f309f00000] [id=7304]
  0x0000023d76845800 ConcurrentGCThread "G1 Main Marker" [stack: 0x000000f308e00000,0x000000f308f00000] [id=11356]
  0x0000023d76847000 ConcurrentGCThread "G1 Conc#0" [stack: 0x000000f308f00000,0x000000f309000000] [id=5180]
  0x0000023d76896000 ConcurrentGCThread "G1 Refine#0" [stack: 0x000000f309000000,0x000000f309100000] [id=1932]
  0x0000023d13dbf000 ConcurrentGCThread "G1 Refine#1" [stack: 0x000000f309f00000,0x000000f30a000000] [id=10876]
  0x0000023d76897000 ConcurrentGCThread "G1 Young RemSet Sampling" [stack: 0x000000f309100000,0x000000f309200000] [id=11780]

Threads with active compile tasks:
C2 CompilerThread0   4993 2299       4       java.net.URLStreamHandler::parseURL (1201 bytes)

VM state:not at safepoint (normal execution)

VM Mutex/Monitor currently owned by a thread: None

Heap address: 0x00000000c2000000, size: 992 MB, Compressed Oops mode: 32-bit
Narrow klass base: 0x0000000000000000, Narrow klass shift: 3
Compressed class space size: 1073741824 Address: 0x0000000100000000

Heap:
 garbage-first heap   total 63488K, used 16321K [0x00000000c2000000, 0x0000000100000000)
  region size 1024K, 9 young (9216K), 4 survivors (4096K)
 Metaspace       used 28107K, capacity 28745K, committed 28924K, reserved 1075200K
  class space    used 2958K, capacity 3194K, committed 3324K, reserved 1048576K
Heap Regions: E=young(eden), S=young(survivor), O=old, HS=humongous(starts), HC=humongous(continues), CS=collection set, F=free, A=archive, TAMS=top-at-mark-start (previous, next)
|   0|0x00000000c2000000, 0x00000000c2100000, 0x00000000c2100000|100%| O|  |TAMS 0x00000000c2100000, 0x00000000c2000000| Untracked 
|   1|0x00000000c2100000, 0x00000000c2200000, 0x00000000c2200000|100%| O|  |TAMS 0x00000000c2200000, 0x00000000c2100000| Untracked 
|   2|0x00000000c2200000, 0x00000000c2300000, 0x00000000c2300000|100%| O|  |TAMS 0x00000000c2300000, 0x00000000c2200000| Untracked 
|   3|0x00000000c2300000, 0x00000000c2400000, 0x00000000c2400000|100%| O|  |TAMS 0x00000000c2400000, 0x00000000c2300000| Untracked 
|   4|0x00000000c2400000, 0x00000000c2500000, 0x00000000c2500000|100%| O|  |TAMS 0x00000000c2500000, 0x00000000c2400000| Untracked 
|   5|0x00000000c2500000, 0x00000000c2600000, 0x00000000c2600000|100%| O|  |TAMS 0x00000000c25e3200, 0x00000000c2500000| Untracked 
|   6|0x00000000c2600000, 0x00000000c2700000, 0x00000000c2700000|100%| O|  |TAMS 0x00000000c2600000, 0x00000000c2600000| Untracked 
|   7|0x00000000c2700000, 0x00000000c27f0400, 0x00000000c2800000| 93%| O|  |TAMS 0x00000000c2700000, 0x00000000c2700000| Untracked 
|   8|0x00000000c2800000, 0x00000000c2800000, 0x00000000c2900000|  0%| F|  |TAMS 0x00000000c2800000, 0x00000000c2800000| Untracked 
|   9|0x00000000c2900000, 0x00000000c2900000, 0x00000000c2a00000|  0%| F|  |TAMS 0x00000000c2900000, 0x00000000c2900000| Untracked 
|  10|0x00000000c2a00000, 0x00000000c2a00000, 0x00000000c2b00000|  0%| F|  |TAMS 0x00000000c2a00000, 0x00000000c2a00000| Untracked 
|  11|0x00000000c2b00000, 0x00000000c2b00000, 0x00000000c2c00000|  0%| F|  |TAMS 0x00000000c2b00000, 0x00000000c2b00000| Untracked 
|  12|0x00000000c2c00000, 0x00000000c2c00000, 0x00000000c2d00000|  0%| F|  |TAMS 0x00000000c2c00000, 0x00000000c2c00000| Untracked 
|  13|0x00000000c2d00000, 0x00000000c2d00000, 0x00000000c2e00000|  0%| F|  |TAMS 0x00000000c2d00000, 0x00000000c2d00000| Untracked 
|  14|0x00000000c2e00000, 0x00000000c2e00000, 0x00000000c2f00000|  0%| F|  |TAMS 0x00000000c2e00000, 0x00000000c2e00000| Untracked 
|  15|0x00000000c2f00000, 0x00000000c2f00000, 0x00000000c3000000|  0%| F|  |TAMS 0x00000000c2f00000, 0x00000000c2f00000| Untracked 
|  16|0x00000000c3000000, 0x00000000c3000000, 0x00000000c3100000|  0%| F|  |TAMS 0x00000000c3000000, 0x00000000c3000000| Untracked 
|  17|0x00000000c3100000, 0x00000000c3100000, 0x00000000c3200000|  0%| F|  |TAMS 0x00000000c3100000, 0x00000000c3100000| Untracked 
|  18|0x00000000c3200000, 0x00000000c3200000, 0x00000000c3300000|  0%| F|  |TAMS 0x00000000c3200000, 0x00000000c3200000| Untracked 
|  19|0x00000000c3300000, 0x00000000c3300000, 0x00000000c3400000|  0%| F|  |TAMS 0x00000000c3300000, 0x00000000c3300000| Untracked 
|  20|0x00000000c3400000, 0x00000000c3400000, 0x00000000c3500000|  0%| F|  |TAMS 0x00000000c3400000, 0x00000000c3400000| Untracked 
|  21|0x00000000c3500000, 0x00000000c3500000, 0x00000000c3600000|  0%| F|  |TAMS 0x00000000c3500000, 0x00000000c3500000| Untracked 
|  22|0x00000000c3600000, 0x00000000c3600000, 0x00000000c3700000|  0%| F|  |TAMS 0x00000000c3600000, 0x00000000c3600000| Untracked 
|  23|0x00000000c3700000, 0x00000000c3700000, 0x00000000c3800000|  0%| F|  |TAMS 0x00000000c3700000, 0x00000000c3700000| Untracked 
|  24|0x00000000c3800000, 0x00000000c3800000, 0x00000000c3900000|  0%| F|  |TAMS 0x00000000c3800000, 0x00000000c3800000| Untracked 
|  25|0x00000000c3900000, 0x00000000c3900000, 0x00000000c3a00000|  0%| F|  |TAMS 0x00000000c3900000, 0x00000000c3900000| Untracked 
|  26|0x00000000c3a00000, 0x00000000c3a00000, 0x00000000c3b00000|  0%| F|  |TAMS 0x00000000c3a00000, 0x00000000c3a00000| Untracked 
|  27|0x00000000c3b00000, 0x00000000c3b00000, 0x00000000c3c00000|  0%| F|  |TAMS 0x00000000c3b00000, 0x00000000c3b00000| Untracked 
|  28|0x00000000c3c00000, 0x00000000c3c00000, 0x00000000c3d00000|  0%| F|  |TAMS 0x00000000c3c00000, 0x00000000c3c00000| Untracked 
|  29|0x00000000c3d00000, 0x00000000c3d00000, 0x00000000c3e00000|  0%| F|  |TAMS 0x00000000c3d00000, 0x00000000c3d00000| Untracked 
|  30|0x00000000c3e00000, 0x00000000c3f00000, 0x00000000c3f00000|100%| S|CS|TAMS 0x00000000c3e00000, 0x00000000c3e00000| Complete 
|  31|0x00000000c3f00000, 0x00000000c4000000, 0x00000000c4000000|100%| S|CS|TAMS 0x00000000c3f00000, 0x00000000c3f00000| Complete 
|  32|0x00000000c4000000, 0x00000000c4100000, 0x00000000c4100000|100%| S|CS|TAMS 0x00000000c4000000, 0x00000000c4000000| Complete 
|  33|0x00000000c4100000, 0x00000000c4200000, 0x00000000c4200000|100%| S|CS|TAMS 0x00000000c4100000, 0x00000000c4100000| Complete 
|  34|0x00000000c4200000, 0x00000000c4200000, 0x00000000c4300000|  0%| F|  |TAMS 0x00000000c4200000, 0x00000000c4200000| Untracked 
|  35|0x00000000c4300000, 0x00000000c4300000, 0x00000000c4400000|  0%| F|  |TAMS 0x00000000c4300000, 0x00000000c4300000| Untracked 
|  36|0x00000000c4400000, 0x00000000c4400000, 0x00000000c4500000|  0%| F|  |TAMS 0x00000000c4400000, 0x00000000c4400000| Untracked 
|  37|0x00000000c4500000, 0x00000000c4500000, 0x00000000c4600000|  0%| F|  |TAMS 0x00000000c4500000, 0x00000000c4500000| Untracked 
|  38|0x00000000c4600000, 0x00000000c4600000, 0x00000000c4700000|  0%| F|  |TAMS 0x00000000c4600000, 0x00000000c4600000| Untracked 
|  39|0x00000000c4700000, 0x00000000c4700000, 0x00000000c4800000|  0%| F|  |TAMS 0x00000000c4700000, 0x00000000c4700000| Untracked 
|  40|0x00000000c4800000, 0x00000000c4800000, 0x00000000c4900000|  0%| F|  |TAMS 0x00000000c4800000, 0x00000000c4800000| Untracked 
|  41|0x00000000c4900000, 0x00000000c4900000, 0x00000000c4a00000|  0%| F|  |TAMS 0x00000000c4900000, 0x00000000c4900000| Untracked 
|  42|0x00000000c4a00000, 0x00000000c4a00000, 0x00000000c4b00000|  0%| F|  |TAMS 0x00000000c4a00000, 0x00000000c4a00000| Untracked 
|  43|0x00000000c4b00000, 0x00000000c4b00000, 0x00000000c4c00000|  0%| F|  |TAMS 0x00000000c4b00000, 0x00000000c4b00000| Untracked 
|  44|0x00000000c4c00000, 0x00000000c4c00000, 0x00000000c4d00000|  0%| F|  |TAMS 0x00000000c4c00000, 0x00000000c4c00000| Untracked 
|  45|0x00000000c4d00000, 0x00000000c4d00000, 0x00000000c4e00000|  0%| F|  |TAMS 0x00000000c4d00000, 0x00000000c4d00000| Untracked 
|  46|0x00000000c4e00000, 0x00000000c4e00000, 0x00000000c4f00000|  0%| F|  |TAMS 0x00000000c4e00000, 0x00000000c4e00000| Untracked 
|  47|0x00000000c4f00000, 0x00000000c4f00000, 0x00000000c5000000|  0%| F|  |TAMS 0x00000000c4f00000, 0x00000000c4f00000| Untracked 
|  48|0x00000000c5000000, 0x00000000c5000000, 0x00000000c5100000|  0%| F|  |TAMS 0x00000000c5000000, 0x00000000c5000000| Untracked 
|  49|0x00000000c5100000, 0x00000000c5100000, 0x00000000c5200000|  0%| F|  |TAMS 0x00000000c5100000, 0x00000000c5100000| Untracked 
|  50|0x00000000c5200000, 0x00000000c5200000, 0x00000000c5300000|  0%| F|  |TAMS 0x00000000c5200000, 0x00000000c5200000| Untracked 
|  51|0x00000000c5300000, 0x00000000c5300000, 0x00000000c5400000|  0%| F|  |TAMS 0x00000000c5300000, 0x00000000c5300000| Untracked 
|  52|0x00000000c5400000, 0x00000000c5400000, 0x00000000c5500000|  0%| F|  |TAMS 0x00000000c5400000, 0x00000000c5400000| Untracked 
|  53|0x00000000c5500000, 0x00000000c5500000, 0x00000000c5600000|  0%| F|  |TAMS 0x00000000c5500000, 0x00000000c5500000| Untracked 
|  54|0x00000000c5600000, 0x00000000c5600000, 0x00000000c5700000|  0%| F|  |TAMS 0x00000000c5600000, 0x00000000c5600000| Untracked 
|  55|0x00000000c5700000, 0x00000000c5700000, 0x00000000c5800000|  0%| F|  |TAMS 0x00000000c5700000, 0x00000000c5700000| Untracked 
|  56|0x00000000c5800000, 0x00000000c5800000, 0x00000000c5900000|  0%| F|  |TAMS 0x00000000c5800000, 0x00000000c5800000| Untracked 
|  57|0x00000000c5900000, 0x00000000c5a00000, 0x00000000c5a00000|100%| E|  |TAMS 0x00000000c5900000, 0x00000000c5900000| Complete 
|  58|0x00000000c5a00000, 0x00000000c5b00000, 0x00000000c5b00000|100%| E|CS|TAMS 0x00000000c5a00000, 0x00000000c5a00000| Complete 
|  59|0x00000000c5b00000, 0x00000000c5c00000, 0x00000000c5c00000|100%| E|CS|TAMS 0x00000000c5b00000, 0x00000000c5b00000| Complete 
|  60|0x00000000c5c00000, 0x00000000c5d00000, 0x00000000c5d00000|100%| E|CS|TAMS 0x00000000c5c00000, 0x00000000c5c00000| Complete 
|  61|0x00000000c5d00000, 0x00000000c5e00000, 0x00000000c5e00000|100%| E|CS|TAMS 0x00000000c5d00000, 0x00000000c5d00000| Complete 

Card table byte_map: [0x0000023d7f140000,0x0000023d7f330000] _byte_map_base: 0x0000023d7eb30000

Marking Bits (Prev, Next): (CMBitMap*) 0x0000023d768410c0, (CMBitMap*) 0x0000023d76841088
 Prev Bits: [0x0000023d0ff80000, 0x0000023d10f00000)
 Next Bits: [0x0000023d0f000000, 0x0000023d0ff80000)

Polling page: 0x0000023d75ff0000

Metaspace:

Usage:
  Non-class:     24.95 MB capacity,    24.56 MB ( 98%) used,   333.84 KB (  1%) free+waste,    68.25 KB ( <1%) overhead. 
      Class:      3.12 MB capacity,     2.89 MB ( 93%) used,   203.55 KB (  6%) free+waste,    31.56 KB ( <1%) overhead. 
       Both:     28.07 MB capacity,    27.45 MB ( 98%) used,   537.40 KB (  2%) free+waste,    99.81 KB ( <1%) overhead. 

Virtual space:
  Non-class space:       26.00 MB reserved,      25.00 MB ( 96%) committed 
      Class space:        1.00 GB reserved,       3.25 MB ( <1%) committed 
             Both:        1.03 GB reserved,      28.25 MB (  3%) committed 

Chunk freelists:
   Non-Class:  49.00 KB
       Class:  6.00 KB
        Both:  55.00 KB

MaxMetaspaceSize: 17179869184.00 GB
CompressedClassSpaceSize: 1.00 GB
Initial GC threshold: 20.80 MB
Current GC threshold: 35.20 MB
CDS: off

CodeHeap 'non-profiled nmethods': size=120064Kb used=815Kb max_used=815Kb free=119248Kb
 bounds [0x0000023d07ac0000, 0x0000023d07d30000, 0x0000023d0f000000]
CodeHeap 'profiled nmethods': size=120000Kb used=4756Kb max_used=4756Kb free=115243Kb
 bounds [0x0000023d00590000, 0x0000023d00a40000, 0x0000023d07ac0000]
CodeHeap 'non-nmethods': size=5696Kb used=1206Kb max_used=1221Kb free=4489Kb
 bounds [0x0000023d00000000, 0x0000023d00270000, 0x0000023d00590000]
 total_blobs=2778 nmethods=2306 adapters=384
 compilation: enabled
              stopped_count=0, restarted_count=0
 full_count=0

Compilation events (20 events):
Event: 4.755 Thread 0x0000023d7fa3f800 2297       1       org.apache.hc.core5.http.message.BasicHeader::getName (5 bytes)
Event: 4.755 Thread 0x0000023d7fa3f800 nmethod 2297 0x0000023d07b87890 code [0x0000023d07b87a40, 0x0000023d07b87af8]
Event: 4.764 Thread 0x0000023d7fa3a800 nmethod 2296 0x0000023d07b87b90 code [0x0000023d07b87d20, 0x0000023d07b885b8]
Event: 4.772 Thread 0x0000023d7fa3a800 2298 %     4       java.util.Properties$LineReader::readLine @ 53 (635 bytes)
Event: 4.776 Thread 0x0000023d7fa3f800 2300       3       java.util.stream.ReferencePipeline$3$1::accept (23 bytes)
Event: 4.776 Thread 0x0000023d7fa3f800 nmethod 2300 0x0000023d00a2f010 code [0x0000023d00a2f1e0, 0x0000023d00a2f478]
Event: 4.776 Thread 0x0000023d7fa3f800 2302       3       java.lang.invoke.LambdaForm::normalize (322 bytes)
Event: 4.779 Thread 0x0000023d7fa3f800 nmethod 2302 0x0000023d00a2f590 code [0x0000023d00a2f860, 0x0000023d00a30b18]
Event: 4.779 Thread 0x0000023d7fa3f800 2303       3       java.util.Collections$UnmodifiableCollection::contains (11 bytes)
Event: 4.779 Thread 0x0000023d7fa3f800 nmethod 2303 0x0000023d00a31190 code [0x0000023d00a31340, 0x0000023d00a31508]
Event: 4.795 Thread 0x0000023d7fa3f800 2304       3       java.lang.invoke.MethodHandles$Lookup::linkMethodHandleConstant (220 bytes)
Event: 4.798 Thread 0x0000023d7fa3f800 nmethod 2304 0x0000023d00a31610 code [0x0000023d00a31a00, 0x0000023d00a33578]
Event: 4.800 Thread 0x0000023d7fa3f800 2312       3       jdk.internal.org.objectweb.asm.AnnotationVisitor::<init> (35 bytes)
Event: 4.801 Thread 0x0000023d7fa3f800 nmethod 2312 0x0000023d00a33e10 code [0x0000023d00a33fe0, 0x0000023d00a342c8]
Event: 4.801 Thread 0x0000023d7fa3f800 2315       3       java.lang.String::toCharArray (25 bytes)
Event: 4.801 Thread 0x0000023d7fa3f800 nmethod 2315 0x0000023d00a34410 code [0x0000023d00a34600, 0x0000023d00a34ab8]
Event: 4.801 Thread 0x0000023d7fa3f800 2316       3       java.lang.StringBuilder::append (10 bytes)
Event: 4.802 Thread 0x0000023d7fa3f800 nmethod 2316 0x0000023d00a34c90 code [0x0000023d00a34e60, 0x0000023d00a350a8]
Event: 4.817 Thread 0x0000023d7fa3a800 nmethod 2298% 0x0000023d07b8a590 code [0x0000023d07b8a7a0, 0x0000023d07b8b568]
Event: 4.817 Thread 0x0000023d7fa3a800 2299       4       java.net.URLStreamHandler::parseURL (1201 bytes)

GC Heap History (10 events):
Event: 1.512 GC heap before
{Heap before GC invocations=0 (full 0):
 garbage-first heap   total 63488K, used 13312K [0x00000000c2000000, 0x0000000100000000)
  region size 1024K, 14 young (14336K), 0 survivors (0K)
 Metaspace       used 10966K, capacity 11198K, committed 11392K, reserved 1058816K
  class space    used 1079K, capacity 1143K, committed 1152K, reserved 1048576K
}
Event: 1.523 GC heap after
{Heap after GC invocations=1 (full 0):
 garbage-first heap   total 63488K, used 5257K [0x00000000c2000000, 0x0000000100000000)
  region size 1024K, 2 young (2048K), 2 survivors (2048K)
 Metaspace       used 10966K, capacity 11198K, committed 11392K, reserved 1058816K
  class space    used 1079K, capacity 1143K, committed 1152K, reserved 1048576K
}
Event: 2.207 GC heap before
{Heap before GC invocations=1 (full 0):
 garbage-first heap   total 63488K, used 12425K [0x00000000c2000000, 0x0000000100000000)
  region size 1024K, 9 young (9216K), 2 survivors (2048K)
 Metaspace       used 13361K, capacity 13627K, committed 13696K, reserved 1060864K
  class space    used 1278K, capacity 1377K, committed 1408K, reserved 1048576K
}
Event: 2.214 GC heap after
{Heap after GC invocations=2 (full 0):
 garbage-first heap   total 63488K, used 6115K [0x00000000c2000000, 0x0000000100000000)
  region size 1024K, 1 young (1024K), 1 survivors (1024K)
 Metaspace       used 13361K, capacity 13627K, committed 13696K, reserved 1060864K
  class space    used 1278K, capacity 1377K, committed 1408K, reserved 1048576K
}
Event: 3.269 GC heap before
{Heap before GC invocations=2 (full 0):
 garbage-first heap   total 63488K, used 26595K [0x00000000c2000000, 0x0000000100000000)
  region size 1024K, 22 young (22528K), 1 survivors (1024K)
 Metaspace       used 19265K, capacity 19752K, committed 19840K, reserved 1067008K
  class space    used 1937K, capacity 2116K, committed 2176K, reserved 1048576K
}
Event: 3.277 GC heap after
{Heap after GC invocations=3 (full 0):
 garbage-first heap   total 63488K, used 7757K [0x00000000c2000000, 0x0000000100000000)
  region size 1024K, 3 young (3072K), 3 survivors (3072K)
 Metaspace       used 19265K, capacity 19752K, committed 19840K, reserved 1067008K
  class space    used 1937K, capacity 2116K, committed 2176K, reserved 1048576K
}
Event: 3.554 GC heap before
{Heap before GC invocations=3 (full 0):
 garbage-first heap   total 63488K, used 11853K [0x00000000c2000000, 0x0000000100000000)
  region size 1024K, 8 young (8192K), 3 survivors (3072K)
 Metaspace       used 20720K, capacity 21218K, committed 21248K, reserved 1069056K
  class space    used 2097K, capacity 2285K, committed 2304K, reserved 1048576K
}
Event: 3.562 GC heap after
{Heap after GC invocations=4 (full 0):
 garbage-first heap   total 63488K, used 8591K [0x00000000c2000000, 0x0000000100000000)
  region size 1024K, 3 young (3072K), 3 survivors (3072K)
 Metaspace       used 20720K, capacity 21218K, committed 21248K, reserved 1069056K
  class space    used 2097K, capacity 2285K, committed 2304K, reserved 1048576K
}
Event: 4.242 GC heap before
{Heap before GC invocations=5 (full 0):
 garbage-first heap   total 63488K, used 33167K [0x00000000c2000000, 0x0000000100000000)
  region size 1024K, 28 young (28672K), 3 survivors (3072K)
 Metaspace       used 24799K, capacity 25363K, committed 25596K, reserved 1073152K
  class space    used 2538K, capacity 2770K, committed 2812K, reserved 1048576K
}
Event: 4.260 GC heap after
{Heap after GC invocations=6 (full 0):
 garbage-first heap   total 63488K, used 12225K [0x00000000c2000000, 0x0000000100000000)
  region size 1024K, 4 young (4096K), 4 survivors (4096K)
 Metaspace       used 24799K, capacity 25363K, committed 25596K, reserved 1073152K
  class space    used 2538K, capacity 2770K, committed 2812K, reserved 1048576K
}

Deoptimization events (20 events):
Event: 4.425 Thread 0x0000023d76811800 DEOPT PACKING pc=0x0000023d008f7662 sp=0x000000f308bf9a00
Event: 4.425 Thread 0x0000023d76811800 DEOPT UNPACKING pc=0x0000023d0004a95e sp=0x000000f308bf8e40 mode 0
Event: 4.425 Thread 0x0000023d76811800 DEOPT PACKING pc=0x0000023d008f7662 sp=0x000000f308bf9a00
Event: 4.425 Thread 0x0000023d76811800 DEOPT UNPACKING pc=0x0000023d0004a95e sp=0x000000f308bf8e40 mode 0
Event: 4.425 Thread 0x0000023d76811800 DEOPT PACKING pc=0x0000023d008f7662 sp=0x000000f308bf9a00
Event: 4.425 Thread 0x0000023d76811800 DEOPT UNPACKING pc=0x0000023d0004a95e sp=0x000000f308bf8e40 mode 0
Event: 4.425 Thread 0x0000023d76811800 DEOPT PACKING pc=0x0000023d008f7662 sp=0x000000f308bf9a00
Event: 4.425 Thread 0x0000023d76811800 DEOPT UNPACKING pc=0x0000023d0004a95e sp=0x000000f308bf8e40 mode 0
Event: 4.427 Thread 0x0000023d76811800 Uncommon trap: trap_request=0xffffff4d fr.pc=0x0000023d07b61e58 relative=0x00000000000009b8
Event: 4.427 Thread 0x0000023d76811800 Uncommon trap: reason=unstable_if action=reinterpret pc=0x0000023d07b61e58 method=java.util.HashMap.putVal(ILjava/lang/Object;Ljava/lang/Object;ZZ)Ljava/lang/Object; @ 162 c2
Event: 4.427 Thread 0x0000023d76811800 DEOPT PACKING pc=0x0000023d07b61e58 sp=0x000000f308bf9ae0
Event: 4.427 Thread 0x0000023d76811800 DEOPT UNPACKING pc=0x0000023d0004a1af sp=0x000000f308bf9a80 mode 2
Event: 4.583 Thread 0x0000023d76811800 DEOPT PACKING pc=0x0000023d00a061a4 sp=0x000000f308bfb290
Event: 4.583 Thread 0x0000023d76811800 DEOPT UNPACKING pc=0x0000023d0004a95e sp=0x000000f308bfa780 mode 0
Event: 4.646 Thread 0x0000023d76811800 Uncommon trap: trap_request=0xffffff4d fr.pc=0x0000023d07b5d068 relative=0x00000000000001c8
Event: 4.646 Thread 0x0000023d76811800 Uncommon trap: reason=unstable_if action=reinterpret pc=0x0000023d07b5d068 method=java.util.Arrays.hashCode([B)I @ 1 c2
Event: 4.646 Thread 0x0000023d76811800 DEOPT PACKING pc=0x0000023d07b5d068 sp=0x000000f308bfb5e0
Event: 4.646 Thread 0x0000023d76811800 DEOPT UNPACKING pc=0x0000023d0004a1af sp=0x000000f308bfb558 mode 2
Event: 4.649 Thread 0x0000023d76811800 DEOPT PACKING pc=0x0000023d00a20db8 sp=0x000000f308bfb730
Event: 4.649 Thread 0x0000023d76811800 DEOPT UNPACKING pc=0x0000023d0004a95e sp=0x000000f308bfabb0 mode 0

Classes redefined (0 events):
No events

Internal exceptions (20 events):
Event: 3.067 Thread 0x0000023d76811800 Exception <a 'sun/nio/fs/WindowsException'{0x00000000c4b24ad8}> (0x00000000c4b24ad8) thrown at [./src/hotspot/share/prims/jni.cpp, line 616]
Event: 3.086 Thread 0x0000023d76811800 Exception <a 'java/lang/NoSuchMethodError'{0x00000000c4b70fa0}: 'int java.lang.invoke.DirectMethodHandle$Holder.invokeVirtual(java.lang.Object, java.lang.Object)'> (0x00000000c4b70fa0) thrown at [./src/hotspot/share/interpreter/linkResolver.cpp, line 773]
Event: 3.096 Thread 0x0000023d76811800 Exception <a 'java/lang/NoSuchMethodError'{0x00000000c4ba18a0}: 'void java.lang.invoke.DirectMethodHandle$Holder.invokeSpecial(java.lang.Object, java.lang.Object, java.lang.Object, java.lang.Object)'> (0x00000000c4ba18a0) thrown at [./src/hotspot/share/interpreter/linkResolver.cpp, line 773]
Event: 3.099 Thread 0x0000023d76811800 Exception <a 'sun/nio/fs/WindowsException'{0x00000000c4babd70}> (0x00000000c4babd70) thrown at [./src/hotspot/share/prims/jni.cpp, line 616]
Event: 3.288 Thread 0x0000023d76811800 Exception <a 'java/lang/NoSuchMethodError'{0x00000000c5d23af0}: 'java.lang.Object java.lang.invoke.DirectMethodHandle$Holder.invokeStatic(java.lang.Object, java.lang.Object, java.lang.Object, int)'> (0x00000000c5d23af0) thrown at [./src/hotspot/share/interpreter/linkResolver.cpp, line 773]
Event: 3.288 Thread 0x0000023d76811800 Exception <a 'java/lang/NoSuchMethodError'{0x00000000c5d27668}: 'java.lang.Object java.lang.invoke.DirectMethodHandle$Holder.invokeSpecial(java.lang.Object, java.lang.Object, java.lang.Object, java.lang.Object, int)'> (0x00000000c5d27668) thrown at [./src/hotspot/share/interpreter/linkResolver.cpp, line 773]
Event: 3.289 Thread 0x0000023d76811800 Exception <a 'java/lang/NoSuchMethodError'{0x00000000c5d2ab00}: 'java.lang.Object java.lang.invoke.Invokers$Holder.linkToTargetMethod(java.lang.Object, java.lang.Object, int, java.lang.Object)'> (0x00000000c5d2ab00) thrown at [./src/hotspot/share/interpreter/linkResolver.cpp, line 773]
Event: 3.548 Thread 0x0000023d76811800 Implicit null exception at 0x0000023d07b0a8fe to 0x0000023d07b0b4a0
Event: 3.609 Thread 0x0000023d76811800 Exception <a 'java/lang/NoClassDefFoundError'{0x00000000c5dcd9e0}: org/slf4j/impl/StaticLoggerBinder> (0x00000000c5dcd9e0) thrown at [./src/hotspot/share/classfile/systemDictionary.cpp, line 219]
Event: 3.920 Thread 0x0000023d76811800 Exception <a 'sun/nio/fs/WindowsException'{0x00000000c50555e0}> (0x00000000c50555e0) thrown at [./src/hotspot/share/prims/jni.cpp, line 616]
Event: 3.929 Thread 0x0000023d76811800 Exception <a 'java/lang/NoSuchMethodError'{0x00000000c5078110}: 'int java.lang.invoke.DirectMethodHandle$Holder.invokeStaticInit(java.lang.Object, java.lang.Object, java.lang.Object, java.lang.Object)'> (0x00000000c5078110) thrown at [./src/hotspot/share/interpreter/linkResolver.cpp, line 773]
Event: 3.930 Thread 0x0000023d76811800 Exception <a 'java/lang/NoSuchMethodError'{0x00000000c50834f8}: 'void java.lang.invoke.DirectMethodHandle$Holder.invokeStaticInit(java.lang.Object, java.lang.Object)'> (0x00000000c50834f8) thrown at [./src/hotspot/share/interpreter/linkResolver.cpp, line 773]
Event: 4.112 Thread 0x0000023d76811800 Exception <a 'java/lang/NoSuchMethodError'{0x00000000c4adae50}: 'java.lang.Object java.lang.invoke.DirectMethodHandle$Holder.invokeVirtual(java.lang.Object, java.lang.Object, java.lang.Object)'> (0x00000000c4adae50) thrown at [./src/hotspot/share/interpreter/linkResolver.cpp, line 773]
Event: 4.132 Thread 0x0000023d76811800 Exception <a 'java/lang/NoSuchMethodError'{0x00000000c496dda8}: 'void java.lang.invoke.DirectMethodHandle$Holder.invokeStatic(java.lang.Object, java.lang.Object, java.lang.Object, java.lang.Object, java.lang.Object)'> (0x00000000c496dda8) thrown at [./src/hotspot/share/interpreter/linkResolver.cpp, line 773]
Event: 4.646 Thread 0x0000023d76811800 Implicit null exception at 0x0000023d07b5ceac to 0x0000023d07b5d05a
Event: 4.795 Thread 0x0000023d76811800 Exception <a 'java/lang/NoSuchMethodError'{0x00000000c5992ac8}: 'void java.lang.invoke.DirectMethodHandle$Holder.invokeStatic(java.lang.Object, long)'> (0x00000000c5992ac8) thrown at [./src/hotspot/share/interpreter/linkResolver.cpp, line 773]
Event: 4.796 Thread 0x0000023d76811800 Exception <a 'java/lang/NoSuchMethodError'{0x00000000c5997fc8}: 'java.lang.Object java.lang.invoke.DirectMethodHandle$Holder.invokeStatic(java.lang.Object, long)'> (0x00000000c5997fc8) thrown at [./src/hotspot/share/interpreter/linkResolver.cpp, line 773]
Event: 4.799 Thread 0x0000023d76811800 Exception <a 'java/lang/NoSuchMethodError'{0x00000000c59a6390}: 'java.lang.Object java.lang.invoke.DirectMethodHandle$Holder.invokeStaticInit(java.lang.Object, java.lang.Object, long, java.lang.Object)'> (0x00000000c59a6390) thrown at [./src/hotspot/share/interpreter/linkResolver.cpp, line 773]
Event: 4.800 Thread 0x0000023d76811800 Exception <a 'java/lang/NoSuchMethodError'{0x00000000c59ac528}: 'java.lang.Object java.lang.invoke.DirectMethodHandle$Holder.invokeStatic(java.lang.Object, java.lang.Object, long)'> (0x00000000c59ac528) thrown at [./src/hotspot/share/interpreter/linkResolver.cpp, line 773]
Event: 4.801 Thread 0x0000023d76811800 Exception <a 'java/lang/NoSuchMethodError'{0x00000000c59b2aa0}: 'java.lang.Object java.lang.invoke.Invokers$Holder.linkToTargetMethod(java.lang.Object, long, java.lang.Object)'> (0x00000000c59b2aa0) thrown at [./src/hotspot/share/interpreter/linkResolver.cpp, line 773]

Events (20 events):
Event: 4.803 loading class java/util/concurrent/ExecutorService
Event: 4.803 loading class java/util/concurrent/ExecutorService done
Event: 4.803 loading class java/util/concurrent/AbstractExecutorService done
Event: 4.803 loading class java/util/concurrent/ThreadPoolExecutor done
Event: 4.803 loading class java/util/concurrent/ThreadPoolExecutor$AbortPolicy
Event: 4.803 loading class java/util/concurrent/RejectedExecutionHandler
Event: 4.803 loading class java/util/concurrent/RejectedExecutionHandler done
Event: 4.803 loading class java/util/concurrent/ThreadPoolExecutor$AbortPolicy done
Event: 4.803 loading class java/util/concurrent/SynchronousQueue
Event: 4.804 loading class java/util/concurrent/SynchronousQueue done
Event: 4.804 loading class java/util/concurrent/SynchronousQueue$TransferStack
Event: 4.804 loading class java/util/concurrent/SynchronousQueue$Transferer
Event: 4.804 loading class java/util/concurrent/SynchronousQueue$Transferer done
Event: 4.804 loading class java/util/concurrent/SynchronousQueue$TransferStack done
Event: 4.804 loading class java/util/concurrent/SynchronousQueue$TransferStack$SNode
Event: 4.804 loading class java/util/concurrent/SynchronousQueue$TransferStack$SNode done
Event: 4.804 loading class java/lang/ProcessImpl$2
Event: 4.805 loading class java/lang/ProcessImpl$2 done
Event: 4.805 loading class java/lang/Process$PipeInputStream
Event: 4.805 loading class java/lang/Process$PipeInputStream done


Dynamic libraries:
0x00007ff7ad6c0000 - 0x00007ff7ad6cd000 	C:\Users\DELL\.jdks\corretto-11.0.14.1\bin\java.exe
0x00007ffa4dd50000 - 0x00007ffa4df48000 	C:\WINDOWS\SYSTEM32\ntdll.dll
0x00007ffa4cca0000 - 0x00007ffa4cd5f000 	C:\WINDOWS\System32\KERNEL32.DLL
0x00007ffa4b9e0000 - 0x00007ffa4bcd6000 	C:\WINDOWS\System32\KERNELBASE.dll
0x00007ffa4b8e0000 - 0x00007ffa4b9e0000 	C:\WINDOWS\System32\ucrtbase.dll
0x00007ffa34cf0000 - 0x00007ffa34d09000 	C:\Users\DELL\.jdks\corretto-11.0.14.1\bin\VCRUNTIME140.dll
0x00007ffa3f040000 - 0x00007ffa3f057000 	C:\Users\DELL\.jdks\corretto-11.0.14.1\bin\jli.dll
0x00007ffa40870000 - 0x00007ffa40b0a000 	C:\WINDOWS\WinSxS\amd64_microsoft.windows.common-controls_6595b64144ccf1df_6.0.19041.1110_none_60b5254171f9507e\COMCTL32.dll
0x00007ffa4cd60000 - 0x00007ffa4cdfe000 	C:\WINDOWS\System32\msvcrt.dll
0x00007ffa4d870000 - 0x00007ffa4d89c000 	C:\WINDOWS\System32\GDI32.dll
0x00007ffa4bce0000 - 0x00007ffa4bd02000 	C:\WINDOWS\System32\win32u.dll
0x00007ffa4b770000 - 0x00007ffa4b885000 	C:\WINDOWS\System32\gdi32full.dll
0x00007ffa4bd10000 - 0x00007ffa4bdad000 	C:\WINDOWS\System32\msvcp_win.dll
0x00007ffa4c070000 - 0x00007ffa4c20d000 	C:\WINDOWS\System32\USER32.dll
0x00007ffa4c2c0000 - 0x00007ffa4c2f0000 	C:\WINDOWS\System32\IMM32.DLL
0x00007ffa2abb0000 - 0x00007ffa2ac4b000 	C:\Users\DELL\.jdks\corretto-11.0.14.1\bin\msvcp140.dll
0x00007ff9d2350000 - 0x00007ff9d2ed3000 	C:\Users\DELL\.jdks\corretto-11.0.14.1\bin\server\jvm.dll
0x00007ffa4ce60000 - 0x00007ffa4cf0f000 	C:\WINDOWS\System32\ADVAPI32.dll
0x00007ffa4bf20000 - 0x00007ffa4bfbc000 	C:\WINDOWS\System32\sechost.dll
0x00007ffa4d740000 - 0x00007ffa4d866000 	C:\WINDOWS\System32\RPCRT4.dll
0x00007ffa4cae0000 - 0x00007ffa4cae8000 	C:\WINDOWS\System32\PSAPI.DLL
0x00007ffa3f900000 - 0x00007ffa3f909000 	C:\WINDOWS\SYSTEM32\WSOCK32.dll
0x00007ffa4cc30000 - 0x00007ffa4cc9b000 	C:\WINDOWS\System32\WS2_32.dll
0x00007ffa3a090000 - 0x00007ffa3a0b7000 	C:\WINDOWS\SYSTEM32\WINMM.dll
0x00007ffa40bb0000 - 0x00007ffa40bba000 	C:\WINDOWS\SYSTEM32\VERSION.dll
0x00007ffa49ca0000 - 0x00007ffa49cb2000 	C:\WINDOWS\SYSTEM32\kernel.appcore.dll
0x00007ffa45420000 - 0x00007ffa45430000 	C:\Users\DELL\.jdks\corretto-11.0.14.1\bin\verify.dll
0x00007ffa49940000 - 0x00007ffa49b24000 	C:\WINDOWS\SYSTEM32\DBGHELP.DLL
0x00007ffa432b0000 - 0x00007ffa432e4000 	C:\WINDOWS\SYSTEM32\dbgcore.DLL
0x00007ffa4b4e0000 - 0x00007ffa4b562000 	C:\WINDOWS\System32\bcryptPrimitives.dll
0x00007ffa2eef0000 - 0x00007ffa2ef18000 	C:\Users\DELL\.jdks\corretto-11.0.14.1\bin\java.dll
0x00007ffa3f960000 - 0x00007ffa3f96a000 	C:\Users\DELL\.jdks\corretto-11.0.14.1\bin\jimage.dll
0x00007ffa3a190000 - 0x00007ffa3a19e000 	C:\Users\DELL\.jdks\corretto-11.0.14.1\bin\instrument.dll
0x00007ffa34280000 - 0x00007ffa34298000 	C:\Users\DELL\.jdks\corretto-11.0.14.1\bin\zip.dll
0x00007ffa4cf70000 - 0x00007ffa4d6b4000 	C:\WINDOWS\System32\SHELL32.dll
0x00007ffa490d0000 - 0x00007ffa49864000 	C:\WINDOWS\SYSTEM32\windows.storage.dll
0x00007ffa4c350000 - 0x00007ffa4c6a4000 	C:\WINDOWS\System32\combase.dll
0x00007ffa4ada0000 - 0x00007ffa4adce000 	C:\WINDOWS\SYSTEM32\Wldp.dll
0x00007ffa4bfc0000 - 0x00007ffa4c06d000 	C:\WINDOWS\System32\SHCORE.dll
0x00007ffa4c2f0000 - 0x00007ffa4c345000 	C:\WINDOWS\System32\shlwapi.dll
0x00007ffa4b360000 - 0x00007ffa4b385000 	C:\WINDOWS\SYSTEM32\profapi.dll
0x00007ffa32da0000 - 0x00007ffa32db9000 	C:\Users\DELL\.jdks\corretto-11.0.14.1\bin\net.dll
0x00007ffa42490000 - 0x00007ffa4259a000 	C:\WINDOWS\SYSTEM32\WINHTTP.dll
0x00007ffa4ab00000 - 0x00007ffa4ab6a000 	C:\WINDOWS\system32\mswsock.dll
0x00007ffa32c20000 - 0x00007ffa32c33000 	C:\Users\DELL\.jdks\corretto-11.0.14.1\bin\nio.dll
0x00007ffa31e50000 - 0x00007ffa31e6a000 	C:\Program Files\JetBrains\IntelliJ IDEA Community Edition 2021.3.3\bin\breakgen64.dll
0x00007ffa4acf0000 - 0x00007ffa4ad08000 	C:\WINDOWS\SYSTEM32\CRYPTSP.dll
0x00007ffa4a420000 - 0x00007ffa4a454000 	C:\WINDOWS\system32\rsaenh.dll
0x00007ffa4b6d0000 - 0x00007ffa4b6f7000 	C:\WINDOWS\System32\bcrypt.dll
0x00007ffa4b320000 - 0x00007ffa4b34e000 	C:\WINDOWS\SYSTEM32\USERENV.dll
0x00007ffa4ad10000 - 0x00007ffa4ad1c000 	C:\WINDOWS\SYSTEM32\CRYPTBASE.dll
0x00007ffa4a7f0000 - 0x00007ffa4a82c000 	C:\WINDOWS\SYSTEM32\IPHLPAPI.DLL
0x00007ffa4bf10000 - 0x00007ffa4bf18000 	C:\WINDOWS\System32\NSI.dll
0x00007ffa42c70000 - 0x00007ffa42c87000 	C:\WINDOWS\SYSTEM32\dhcpcsvc6.DLL
0x00007ffa42e30000 - 0x00007ffa42e4d000 	C:\WINDOWS\SYSTEM32\dhcpcsvc.DLL
0x00007ffa4a830000 - 0x00007ffa4a8fa000 	C:\WINDOWS\SYSTEM32\DNSAPI.dll
0x00007ffa2ee40000 - 0x00007ffa2ee65000 	C:\Users\DELL\.jdks\corretto-11.0.14.1\bin\sunec.dll
0x00007ffa405b0000 - 0x00007ffa405ba000 	C:\Windows\System32\rasadhlp.dll
0x00007ffa40bd0000 - 0x00007ffa40c52000 	C:\WINDOWS\System32\fwpuclnt.dll
0x00007ffa33810000 - 0x00007ffa3381e000 	C:\Users\DELL\.jdks\corretto-11.0.14.1\bin\sunmscapi.dll
0x00007ffa4b570000 - 0x00007ffa4b6ce000 	C:\WINDOWS\System32\CRYPT32.dll
0x00007ffa4ae10000 - 0x00007ffa4ae38000 	C:\WINDOWS\SYSTEM32\ncrypt.dll
0x00007ffa4add0000 - 0x00007ffa4ae0b000 	C:\WINDOWS\SYSTEM32\NTASN1.dll

dbghelp: loaded successfully - version: 4.0.5 - missing functions: none
symbol engine: initialized successfully - sym options: 0x614 - pdb path: .;C:\Users\DELL\.jdks\corretto-11.0.14.1\bin;C:\WINDOWS\SYSTEM32;C:\WINDOWS\WinSxS\amd64_microsoft.windows.common-controls_6595b64144ccf1df_6.0.19041.1110_none_60b5254171f9507e;C:\Users\DELL\.jdks\corretto-11.0.14.1\bin\server;C:\Program Files\JetBrains\IntelliJ IDEA Community Edition 2021.3.3\bin

VM Arguments:
jvm_args: -ea -DnodeNamesHandler=org.jetbrains.plugins.cucumber.java.run.CucumberTestTreeNodeManager -Didea.test.cyclic.buffer.size=1048576 -javaagent:C:\Program Files\JetBrains\IntelliJ IDEA Community Edition 2021.3.3\lib\idea_rt.jar=50183:C:\Program Files\JetBrains\IntelliJ IDEA Community Edition 2021.3.3\bin -Dfile.encoding=UTF-8 
java_command: com.intellij.rt.junit.JUnitStarter -ideVersion5 -junit4 com.qascriptcucumber.TestRunner
java_class_path (initial): C:\Program Files\JetBrains\IntelliJ IDEA Community Edition 2021.3.3\lib\idea_rt.jar;C:\Program Files\JetBrains\IntelliJ IDEA Community Edition 2021.3.3\plugins\junit\lib\junit5-rt.jar;C:\Program Files\JetBrains\IntelliJ IDEA Community Edition 2021.3.3\plugins\junit\lib\junit-rt.jar;G:\CucumberMavenProject\target\test-classes;G:\CucumberMavenProject\target\classes;C:\Users\DELL\.m2\repository\io\cucumber\cucumber-java\6.10.4\cucumber-java-6.10.4.jar;C:\Users\DELL\.m2\repository\io\cucumber\cucumber-core\6.10.4\cucumber-core-6.10.4.jar;C:\Users\DELL\.m2\repository\io\cucumber\cucumber-gherkin\6.10.4\cucumber-gherkin-6.10.4.jar;C:\Users\DELL\.m2\repository\io\cucumber\cucumber-gherkin-messages\6.10.4\cucumber-gherkin-messages-6.10.4.jar;C:\Users\DELL\.m2\repository\io\cucumber\messages\15.0.0\messages-15.0.0.jar;C:\Users\DELL\.m2\repository\io\cucumber\tag-expressions\3.0.1\tag-expressions-3.0.1.jar;C:\Users\DELL\.m2\repository\io\cucumber\cucumber-expressions\10.3.0\cucumber-expressions-10.3.0.jar;C:\Users\DELL\.m2\repository\io\cucumber\datatable\3.5.0\datatable-3.5.0.jar;C:\Users\DELL\.m2\repository\io\cucumber\cucumber-plugin\6.10.4\cucumber-plugin-6.10.4.jar;C:\Users\DELL\.m2\repository\io\cucumber\docstring\6.10.4\docstring-6.10.4.jar;C:\Users\DELL\.m2\repository\io\cucumber\html-formatter\13.0.0\html-formatter-13.0.0.jar;C:\Users\DELL\.m2\repository\io\cucumber\create-meta\4.0.0\create-meta-4.0.0.jar;C:\Users\DELL\.m2\repository\org\apiguardian\apiguardian-api\1.1.1\apiguardian-api-1.1.1.jar;C:\Users\DELL\.m2\repository\io\cucumber\cucumber-junit\6.10.4\cucumber-junit-6.10.4.jar;C:\Users\DELL\.m2\repository\junit\junit\4.13.2\junit-4.13.2.jar;C:\Users\DELL\.m2\repository\org\hamcrest\hamcrest-core\1.3\hamcrest-core-1.3.jar;C:\Users\DELL\.m2\repository\io\cucumber\cucumber-testng\6.10.4\cucumber-testng-6.10.4.jar;C:\Users\DELL\.m2\repository\org\testng\testng\7.4.0\testng-7.4.0.jar;C:\Users\DELL\.m2\repository\com\beust\jcommander\1.7
Launcher Type: SUN_STANDARD

[Global flags]
     intx CICompilerCount                          = 3                                         {product} {ergonomic}
     uint ConcGCThreads                            = 1                                         {product} {ergonomic}
     uint G1ConcRefinementThreads                  = 4                                         {product} {ergonomic}
   size_t G1HeapRegionSize                         = 1048576                                   {product} {ergonomic}
    uintx GCDrainStackTargetSize                   = 64                                        {product} {ergonomic}
   size_t InitialHeapSize                          = 65011712                                  {product} {ergonomic}
   size_t MarkStackSize                            = 4194304                                   {product} {ergonomic}
   size_t MaxHeapSize                              = 1040187392                                {product} {ergonomic}
   size_t MaxNewSize                               = 623902720                                 {product} {ergonomic}
   size_t MinHeapDeltaBytes                        = 1048576                                   {product} {ergonomic}
    uintx NonNMethodCodeHeapSize                   = 5830732                                {pd product} {ergonomic}
    uintx NonProfiledCodeHeapSize                  = 122913754                              {pd product} {ergonomic}
    uintx ProfiledCodeHeapSize                     = 122913754                              {pd product} {ergonomic}
    uintx ReservedCodeCacheSize                    = 251658240                              {pd product} {ergonomic}
     bool SegmentedCodeCache                       = true                                      {product} {ergonomic}
     bool UseCompressedClassPointers               = true                                 {lp64_product} {ergonomic}
     bool UseCompressedOops                        = true                                 {lp64_product} {ergonomic}
     bool UseG1GC                                  = true                                      {product} {ergonomic}
     bool UseLargePagesIndividualAllocation        = false                                  {pd product} {ergonomic}

Logging:
Log output configuration:
 #0: stdout all=warning uptime,level,tags
 #1: stderr all=off uptime,level,tags

Environment Variables:
PATH=C:\Program Files (x86)\Common Files\Oracle\Java\javapath;C:\WINDOWS\system32;C:\WINDOWS;C:\WINDOWS\System32\Wbem;C:\WINDOWS\System32\WindowsPowerShell\v1.0\;C:\WINDOWS\System32\OpenSSH\;C:\Program Files\Git\cmd;C:\Program Files\nodejs\;C:\ProgramData\chocolatey\bin;C:\Program Files (x86)\Java\jre-1.8\bin;C:\Program Files (x86)\Java\jre-1.8\lib;C:\Users\DELL\AppData\Local\Microsoft\WindowsApps;C:\Users\DELL\AppData\Roaming\npm;C:\Users\DELL\AppData\Local\Programs\Microsoft VS Code\bin
USERNAME=DELL
OS=Windows_NT
PROCESSOR_IDENTIFIER=Intel64 Family 6 Model 78 Stepping 3, GenuineIntel



---------------  S Y S T E M  ---------------

OS: Windows 10 , 64 bit Build 19041 (10.0.19041.3155)
OS uptime: 6 days 16:04 hours

CPU:total 4 (initial active 4) (2 cores per cpu, 2 threads per core) family 6 model 78 stepping 3 microcode 0xcc, cmov, cx8, fxsr, mmx, sse, sse2, sse3, ssse3, sse4.1, sse4.2, popcnt, avx, avx2, aes, clmul, erms, 3dnowpref, lzcnt, ht, tsc, tscinvbit, bmi1, bmi2, adx, fma

Memory: 4k page, system-wide physical 3962M (316M free)
TotalPageFile size 6010M (AvailPageFile size 10M)
current process WorkingSet (physical memory assigned to process): 118M, peak: 119M
current process commit charge ("private bytes"): 173M, peak: 174M

vm_info: OpenJDK 64-Bit Server VM (11.0.14.1+10-LTS) for windows-amd64 JRE (11.0.14.1+10-LTS), built on Feb  8 2022 00:13:20 by "Administrator" with unknown MS VC++:1916

END.
