#
# There is insufficient memory for the Java Runtime Environment to continue.
# Native memory allocation (malloc) failed to allocate 169456 bytes for Chunk::new
# Possible reasons:
#   The system is out of physical RAM or swap space
#   The process is running with CompressedOops enabled, and the Java Heap may be blocking the growth of the native heap
# Possible solutions:
#   Reduce memory load on the system
#   Increase physical memory or swap space
#   Check if swap backing store is full
#   Decrease Java heap size (-Xmx/-Xms)
#   Decrease number of Java threads
#   Decrease Java thread stack sizes (-Xss)
#   Set larger code cache with -XX:ReservedCodeCacheSize=
#   JVM is running with Unscaled Compressed Oops mode in which the Java heap is
#     placed in the first 4GB address space. The Java Heap base address is the
#     maximum limit for the native heap growth. Please use -XX:HeapBaseMinAddress
#     to set the Java Heap base and to place the Java Heap above 4GB virtual address.
# This output file may be truncated or incomplete.
#
#  Out of Memory Error (./src/hotspot/share/memory/arena.cpp:197), pid=6220, tid=9244
#
# JRE version: OpenJDK Runtime Environment Corretto-11.0.14.10.1 (11.0.14.1+10) (build 11.0.14.1+10-LTS)
# Java VM: OpenJDK 64-Bit Server VM Corretto-11.0.14.10.1 (11.0.14.1+10-LTS, mixed mode, tiered, compressed oops, g1 gc, windows-amd64)
# No core dump will be written. Minidumps are not enabled by default on client versions of Windows
#

---------------  S U M M A R Y ------------

Command Line: -ea -DnodeNamesHandler=org.jetbrains.plugins.cucumber.java.run.CucumberTestTreeNodeManager -Didea.test.cyclic.buffer.size=1048576 -javaagent:C:\Program Files\JetBrains\IntelliJ IDEA Community Edition 2021.3.3\lib\idea_rt.jar=52023:C:\Program Files\JetBrains\IntelliJ IDEA Community Edition 2021.3.3\bin -Dfile.encoding=UTF-8 com.intellij.rt.junit.JUnitStarter -ideVersion5 -junit4 com.qascriptcucumber.TestRunner

Host: Intel(R) Core(TM) i3-6006U CPU @ 2.00GHz, 4 cores, 3G,  Windows 10 , 64 bit Build 19041 (10.0.19041.3031)
Time: Wed Jul 26 18:56:42 2023 India Standard Time elapsed time: 75.703306 seconds (0d 0h 1m 15s)

---------------  T H R E A D  ---------------

Current thread (0x0000020e5c34c000):  JavaThread "C2 CompilerThread0" daemon [_thread_in_native, id=9244, stack(0x00000073d1300000,0x00000073d1400000)]


Current CompileTask:
C2:  75703 2714       4       sun.nio.cs.UTF_8$Encoder::encodeArrayLoop (489 bytes)

Stack: [0x00000073d1300000,0x00000073d1400000]
Native frames: (J=compiled Java code, j=interpreted, Vv=VM code, C=native code)
V  [jvm.dll+0x61e62a]
V  [jvm.dll+0x7ab569]
V  [jvm.dll+0x7acc58]
V  [jvm.dll+0x7ad333]
V  [jvm.dll+0x24f7f8]
V  [jvm.dll+0xc260c]
V  [jvm.dll+0xc2bcc]
V  [jvm.dll+0x2c16c4]
V  [jvm.dll+0x52d929]
V  [jvm.dll+0x210e0d]
V  [jvm.dll+0x20aba6]
V  [jvm.dll+0x207cfb]
V  [jvm.dll+0x18a2d1]
V  [jvm.dll+0x217574]
V  [jvm.dll+0x2157bb]
V  [jvm.dll+0x76e0c0]
V  [jvm.dll+0x767024]
V  [jvm.dll+0x61d486]
C  [ucrtbase.dll+0x21bb2]
C  [KERNEL32.DLL+0x17614]
C  [ntdll.dll+0x526f1]


---------------  P R O C E S S  ---------------

Threads class SMR info:
_java_thread_list=0x0000020e5dde8200, length=20, elements={
0x0000020e3fa41800, 0x0000020e5c2ee800, 0x0000020e5c2ef800, 0x0000020e5c344800,
0x0000020e5c345800, 0x0000020e5c348000, 0x0000020e5c34c000, 0x0000020e5c4b8800,
0x0000020e5c379800, 0x0000020e5c286000, 0x0000020e5c7a0000, 0x0000020e5ddf8000,
0x0000020e5dc0b800, 0x0000020e5dc08000, 0x0000020e5dc0d000, 0x0000020e5dc0a000,
0x0000020e5dc0c800, 0x0000020e5dc09000, 0x0000020e5dc0a800, 0x0000020e5dc07800
}

Java Threads: ( => current thread )
  0x0000020e3fa41800 JavaThread "main" [_thread_in_native, id=2076, stack(0x00000073d0700000,0x00000073d0800000)]
  0x0000020e5c2ee800 JavaThread "Reference Handler" daemon [_thread_blocked, id=12572, stack(0x00000073d0e00000,0x00000073d0f00000)]
  0x0000020e5c2ef800 JavaThread "Finalizer" daemon [_thread_blocked, id=6312, stack(0x00000073d0f00000,0x00000073d1000000)]
  0x0000020e5c344800 JavaThread "Signal Dispatcher" daemon [_thread_blocked, id=6064, stack(0x00000073d1000000,0x00000073d1100000)]
  0x0000020e5c345800 JavaThread "Attach Listener" daemon [_thread_blocked, id=960, stack(0x00000073d1100000,0x00000073d1200000)]
  0x0000020e5c348000 JavaThread "Service Thread" daemon [_thread_blocked, id=6464, stack(0x00000073d1200000,0x00000073d1300000)]
=>0x0000020e5c34c000 JavaThread "C2 CompilerThread0" daemon [_thread_in_native, id=9244, stack(0x00000073d1300000,0x00000073d1400000)]
  0x0000020e5c4b8800 JavaThread "C1 CompilerThread0" daemon [_thread_blocked, id=1672, stack(0x00000073d1400000,0x00000073d1500000)]
  0x0000020e5c379800 JavaThread "Sweeper thread" daemon [_thread_blocked, id=7684, stack(0x00000073d1500000,0x00000073d1600000)]
  0x0000020e5c286000 JavaThread "Common-Cleaner" daemon [_thread_blocked, id=10888, stack(0x00000073d1600000,0x00000073d1700000)]
  0x0000020e5c7a0000 JavaThread "Monitor Ctrl-Break" daemon [_thread_in_native, id=2408, stack(0x00000073d1700000,0x00000073d1800000)]
  0x0000020e5ddf8000 JavaThread "Exec Default Executor" daemon [_thread_in_native, id=5144, stack(0x00000073d1d00000,0x00000073d1e00000)]
  0x0000020e5dc0b800 JavaThread "UrlChecker-2" daemon [_thread_blocked, id=256, stack(0x00000073d1e00000,0x00000073d1f00000)]
  0x0000020e5dc08000 JavaThread "Exec Stream Pumper" daemon [_thread_in_native, id=8808, stack(0x00000073d1f00000,0x00000073d2000000)]
  0x0000020e5dc0d000 JavaThread "Exec Stream Pumper" daemon [_thread_in_native, id=10700, stack(0x00000073d2000000,0x00000073d2100000)]
  0x0000020e5dc0a000 JavaThread "OkHttp ConnectionPool" daemon [_thread_blocked, id=5372, stack(0x00000073d2100000,0x00000073d2200000)]
  0x0000020e5dc0c800 JavaThread "Okio Watchdog" daemon [_thread_blocked, id=4668, stack(0x00000073d2200000,0x00000073d2300000)]
  0x0000020e5dc09000 JavaThread "Exec Default Executor" daemon [_thread_in_native, id=7044, stack(0x00000073d0400000,0x00000073d0500000)]
  0x0000020e5dc0a800 JavaThread "Exec Stream Pumper" daemon [_thread_in_native, id=4928, stack(0x00000073d0600000,0x00000073d0700000)]
  0x0000020e5dc07800 JavaThread "Exec Stream Pumper" daemon [_thread_in_native, id=3080, stack(0x00000073d1c00000,0x00000073d1d00000)]

Other Threads:
  0x0000020e5c2c9000 VMThread "VM Thread" [stack: 0x00000073d0d00000,0x00000073d0e00000] [id=12044]
  0x0000020e5c7a0800 WatcherThread [stack: 0x00000073d1800000,0x00000073d1900000] [id=9112]
  0x0000020e3fa5a800 GCTaskThread "GC Thread#0" [stack: 0x00000073d0800000,0x00000073d0900000] [id=5016]
  0x0000020e5d40e800 GCTaskThread "GC Thread#1" [stack: 0x00000073d1900000,0x00000073d1a00000] [id=6928]
  0x0000020e3fa75000 ConcurrentGCThread "G1 Main Marker" [stack: 0x00000073d0900000,0x00000073d0a00000] [id=7164]
  0x0000020e3fa76800 ConcurrentGCThread "G1 Conc#0" [stack: 0x00000073d0a00000,0x00000073d0b00000] [id=13256]
  0x0000020e3fac4000 ConcurrentGCThread "G1 Refine#0" [stack: 0x00000073d0b00000,0x00000073d0c00000] [id=9868]
  0x0000020e3fac5000 ConcurrentGCThread "G1 Young RemSet Sampling" [stack: 0x00000073d0c00000,0x00000073d0d00000] [id=9672]

Threads with active compile tasks:
C2 CompilerThread0  77022 2714       4       sun.nio.cs.UTF_8$Encoder::encodeArrayLoop (489 bytes)

VM state:not at safepoint (normal execution)

VM Mutex/Monitor currently owned by a thread: None

Heap address: 0x00000000c2000000, size: 992 MB, Compressed Oops mode: 32-bit
Narrow klass base: 0x0000000000000000, Narrow klass shift: 3
Compressed class space size: 1073741824 Address: 0x0000000100000000

Heap:
 garbage-first heap   total 63488K, used 39454K [0x00000000c2000000, 0x0000000100000000)
  region size 1024K, 33 young (33792K), 4 survivors (4096K)
 Metaspace       used 33272K, capacity 34061K, committed 34176K, reserved 1079296K
  class space    used 3652K, capacity 3965K, committed 3968K, reserved 1048576K
Heap Regions: E=young(eden), S=young(survivor), O=old, HS=humongous(starts), HC=humongous(continues), CS=collection set, F=free, A=archive, TAMS=top-at-mark-start (previous, next)
|   0|0x00000000c2000000, 0x00000000c2100000, 0x00000000c2100000|100%| O|  |TAMS 0x00000000c2100000, 0x00000000c2000000| Untracked 
|   1|0x00000000c2100000, 0x00000000c2200000, 0x00000000c2200000|100%| O|  |TAMS 0x00000000c21c7a00, 0x00000000c2100000| Untracked 
|   2|0x00000000c2200000, 0x00000000c2300000, 0x00000000c2300000|100%| O|  |TAMS 0x00000000c2200000, 0x00000000c2200000| Untracked 
|   3|0x00000000c2300000, 0x00000000c2400000, 0x00000000c2400000|100%| O|  |TAMS 0x00000000c2300000, 0x00000000c2300000| Untracked 
|   4|0x00000000c2400000, 0x00000000c2500000, 0x00000000c2500000|100%| O|  |TAMS 0x00000000c2400000, 0x00000000c2400000| Untracked 
|   5|0x00000000c2500000, 0x00000000c2600000, 0x00000000c2600000|100%| O|  |TAMS 0x00000000c2500000, 0x00000000c2500000| Untracked 
|   6|0x00000000c2600000, 0x00000000c2687800, 0x00000000c2700000| 52%| O|  |TAMS 0x00000000c2600000, 0x00000000c2600000| Untracked 
|   7|0x00000000c2700000, 0x00000000c2700000, 0x00000000c2800000|  0%| F|  |TAMS 0x00000000c2700000, 0x00000000c2700000| Untracked 
|   8|0x00000000c2800000, 0x00000000c2800000, 0x00000000c2900000|  0%| F|  |TAMS 0x00000000c2800000, 0x00000000c2800000| Untracked 
|   9|0x00000000c2900000, 0x00000000c2900000, 0x00000000c2a00000|  0%| F|  |TAMS 0x00000000c2900000, 0x00000000c2900000| Untracked 
|  10|0x00000000c2a00000, 0x00000000c2a00000, 0x00000000c2b00000|  0%| F|  |TAMS 0x00000000c2a00000, 0x00000000c2a00000| Untracked 
|  11|0x00000000c2b00000, 0x00000000c2b00000, 0x00000000c2c00000|  0%| F|  |TAMS 0x00000000c2b00000, 0x00000000c2b00000| Untracked 
|  12|0x00000000c2c00000, 0x00000000c2c00000, 0x00000000c2d00000|  0%| F|  |TAMS 0x00000000c2c00000, 0x00000000c2c00000| Untracked 
|  13|0x00000000c2d00000, 0x00000000c2d00000, 0x00000000c2e00000|  0%| F|  |TAMS 0x00000000c2d00000, 0x00000000c2d00000| Untracked 
|  14|0x00000000c2e00000, 0x00000000c2e00000, 0x00000000c2f00000|  0%| F|  |TAMS 0x00000000c2e00000, 0x00000000c2e00000| Untracked 
|  15|0x00000000c2f00000, 0x00000000c2f00000, 0x00000000c3000000|  0%| F|  |TAMS 0x00000000c2f00000, 0x00000000c2f00000| Untracked 
|  16|0x00000000c3000000, 0x00000000c3000000, 0x00000000c3100000|  0%| F|  |TAMS 0x00000000c3000000, 0x00000000c3000000| Untracked 
|  17|0x00000000c3100000, 0x00000000c3100000, 0x00000000c3200000|  0%| F|  |TAMS 0x00000000c3100000, 0x00000000c3100000| Untracked 
|  18|0x00000000c3200000, 0x00000000c3200000, 0x00000000c3300000|  0%| F|  |TAMS 0x00000000c3200000, 0x00000000c3200000| Untracked 
|  19|0x00000000c3300000, 0x00000000c3300000, 0x00000000c3400000|  0%| F|  |TAMS 0x00000000c3300000, 0x00000000c3300000| Untracked 
|  20|0x00000000c3400000, 0x00000000c3400000, 0x00000000c3500000|  0%| F|  |TAMS 0x00000000c3400000, 0x00000000c3400000| Untracked 
|  21|0x00000000c3500000, 0x00000000c3500000, 0x00000000c3600000|  0%| F|  |TAMS 0x00000000c3500000, 0x00000000c3500000| Untracked 
|  22|0x00000000c3600000, 0x00000000c3600000, 0x00000000c3700000|  0%| F|  |TAMS 0x00000000c3600000, 0x00000000c3600000| Untracked 
|  23|0x00000000c3700000, 0x00000000c3700000, 0x00000000c3800000|  0%| F|  |TAMS 0x00000000c3700000, 0x00000000c3700000| Untracked 
|  24|0x00000000c3800000, 0x00000000c3800000, 0x00000000c3900000|  0%| F|  |TAMS 0x00000000c3800000, 0x00000000c3800000| Untracked 
|  25|0x00000000c3900000, 0x00000000c3900000, 0x00000000c3a00000|  0%| F|  |TAMS 0x00000000c3900000, 0x00000000c3900000| Untracked 
|  26|0x00000000c3a00000, 0x00000000c3a00000, 0x00000000c3b00000|  0%| F|  |TAMS 0x00000000c3a00000, 0x00000000c3a00000| Untracked 
|  27|0x00000000c3b00000, 0x00000000c3b00000, 0x00000000c3c00000|  0%| F|  |TAMS 0x00000000c3b00000, 0x00000000c3b00000| Untracked 
|  28|0x00000000c3c00000, 0x00000000c3c00000, 0x00000000c3d00000|  0%| F|  |TAMS 0x00000000c3c00000, 0x00000000c3c00000| Untracked 
|  29|0x00000000c3d00000, 0x00000000c3e00000, 0x00000000c3e00000|100%| E|  |TAMS 0x00000000c3d00000, 0x00000000c3d00000| Complete 
|  30|0x00000000c3e00000, 0x00000000c3f00000, 0x00000000c3f00000|100%| E|CS|TAMS 0x00000000c3e00000, 0x00000000c3e00000| Complete 
|  31|0x00000000c3f00000, 0x00000000c4000000, 0x00000000c4000000|100%| S|CS|TAMS 0x00000000c3f00000, 0x00000000c3f00000| Complete 
|  32|0x00000000c4000000, 0x00000000c4100000, 0x00000000c4100000|100%| S|CS|TAMS 0x00000000c4000000, 0x00000000c4000000| Complete 
|  33|0x00000000c4100000, 0x00000000c4200000, 0x00000000c4200000|100%| S|CS|TAMS 0x00000000c4100000, 0x00000000c4100000| Complete 
|  34|0x00000000c4200000, 0x00000000c4300000, 0x00000000c4300000|100%| S|CS|TAMS 0x00000000c4200000, 0x00000000c4200000| Complete 
|  35|0x00000000c4300000, 0x00000000c4400000, 0x00000000c4400000|100%| E|CS|TAMS 0x00000000c4300000, 0x00000000c4300000| Complete 
|  36|0x00000000c4400000, 0x00000000c4500000, 0x00000000c4500000|100%| E|CS|TAMS 0x00000000c4400000, 0x00000000c4400000| Complete 
|  37|0x00000000c4500000, 0x00000000c4600000, 0x00000000c4600000|100%| E|CS|TAMS 0x00000000c4500000, 0x00000000c4500000| Complete 
|  38|0x00000000c4600000, 0x00000000c4700000, 0x00000000c4700000|100%| E|CS|TAMS 0x00000000c4600000, 0x00000000c4600000| Complete 
|  39|0x00000000c4700000, 0x00000000c4800000, 0x00000000c4800000|100%| E|CS|TAMS 0x00000000c4700000, 0x00000000c4700000| Complete 
|  40|0x00000000c4800000, 0x00000000c4900000, 0x00000000c4900000|100%| E|CS|TAMS 0x00000000c4800000, 0x00000000c4800000| Complete 
|  41|0x00000000c4900000, 0x00000000c4a00000, 0x00000000c4a00000|100%| E|CS|TAMS 0x00000000c4900000, 0x00000000c4900000| Complete 
|  42|0x00000000c4a00000, 0x00000000c4b00000, 0x00000000c4b00000|100%| E|CS|TAMS 0x00000000c4a00000, 0x00000000c4a00000| Complete 
|  43|0x00000000c4b00000, 0x00000000c4c00000, 0x00000000c4c00000|100%| E|CS|TAMS 0x00000000c4b00000, 0x00000000c4b00000| Complete 
|  44|0x00000000c4c00000, 0x00000000c4d00000, 0x00000000c4d00000|100%| E|CS|TAMS 0x00000000c4c00000, 0x00000000c4c00000| Complete 
|  45|0x00000000c4d00000, 0x00000000c4e00000, 0x00000000c4e00000|100%| E|CS|TAMS 0x00000000c4d00000, 0x00000000c4d00000| Complete 
|  46|0x00000000c4e00000, 0x00000000c4f00000, 0x00000000c4f00000|100%| E|CS|TAMS 0x00000000c4e00000, 0x00000000c4e00000| Complete 
|  47|0x00000000c4f00000, 0x00000000c5000000, 0x00000000c5000000|100%| E|CS|TAMS 0x00000000c4f00000, 0x00000000c4f00000| Complete 
|  48|0x00000000c5000000, 0x00000000c5100000, 0x00000000c5100000|100%| E|CS|TAMS 0x00000000c5000000, 0x00000000c5000000| Complete 
|  49|0x00000000c5100000, 0x00000000c5200000, 0x00000000c5200000|100%| E|CS|TAMS 0x00000000c5100000, 0x00000000c5100000| Complete 
|  50|0x00000000c5200000, 0x00000000c5300000, 0x00000000c5300000|100%| E|CS|TAMS 0x00000000c5200000, 0x00000000c5200000| Complete 
|  51|0x00000000c5300000, 0x00000000c5400000, 0x00000000c5400000|100%| E|CS|TAMS 0x00000000c5300000, 0x00000000c5300000| Complete 
|  52|0x00000000c5400000, 0x00000000c5500000, 0x00000000c5500000|100%| E|CS|TAMS 0x00000000c5400000, 0x00000000c5400000| Complete 
|  53|0x00000000c5500000, 0x00000000c5600000, 0x00000000c5600000|100%| E|CS|TAMS 0x00000000c5500000, 0x00000000c5500000| Complete 
|  54|0x00000000c5600000, 0x00000000c5700000, 0x00000000c5700000|100%| E|CS|TAMS 0x00000000c5600000, 0x00000000c5600000| Complete 
|  55|0x00000000c5700000, 0x00000000c5800000, 0x00000000c5800000|100%| E|CS|TAMS 0x00000000c5700000, 0x00000000c5700000| Complete 
|  56|0x00000000c5800000, 0x00000000c5900000, 0x00000000c5900000|100%| E|CS|TAMS 0x00000000c5800000, 0x00000000c5800000| Complete 
|  57|0x00000000c5900000, 0x00000000c5a00000, 0x00000000c5a00000|100%| E|CS|TAMS 0x00000000c5900000, 0x00000000c5900000| Complete 
|  58|0x00000000c5a00000, 0x00000000c5b00000, 0x00000000c5b00000|100%| E|CS|TAMS 0x00000000c5a00000, 0x00000000c5a00000| Complete 
|  59|0x00000000c5b00000, 0x00000000c5c00000, 0x00000000c5c00000|100%| E|CS|TAMS 0x00000000c5b00000, 0x00000000c5b00000| Complete 
|  60|0x00000000c5c00000, 0x00000000c5d00000, 0x00000000c5d00000|100%| E|CS|TAMS 0x00000000c5c00000, 0x00000000c5c00000| Complete 
|  61|0x00000000c5d00000, 0x00000000c5e00000, 0x00000000c5e00000|100%| E|CS|TAMS 0x00000000c5d00000, 0x00000000c5d00000| Complete 

Card table byte_map: [0x0000020e57370000,0x0000020e57560000] _byte_map_base: 0x0000020e56d60000

Marking Bits (Prev, Next): (CMBitMap*) 0x0000020e3fa70910, (CMBitMap*) 0x0000020e3fa708d8
 Prev Bits: [0x0000020e586d0000, 0x0000020e59650000)
 Next Bits: [0x0000020e57750000, 0x0000020e586d0000)

Polling page: 0x0000020e3d990000

Metaspace:

Usage:
  Non-class:     29.39 MB capacity,    28.93 MB ( 98%) used,   377.77 KB (  1%) free+waste,    98.06 KB ( <1%) overhead. 
      Class:      3.87 MB capacity,     3.57 MB ( 92%) used,   265.50 KB (  7%) free+waste,    46.81 KB (  1%) overhead. 
       Both:     33.26 MB capacity,    32.49 MB ( 98%) used,   643.27 KB (  2%) free+waste,   144.88 KB ( <1%) overhead. 

Virtual space:
  Non-class space:       30.00 MB reserved,      29.50 MB ( 98%) committed 
      Class space:        1.00 GB reserved,       3.88 MB ( <1%) committed 
             Both:        1.03 GB reserved,      33.38 MB (  3%) committed 

Chunk freelists:
   Non-Class:  48.00 KB
       Class:  0 bytes
        Both:  48.00 KB

MaxMetaspaceSize: 17179869184.00 GB
CompressedClassSpaceSize: 1.00 GB
Initial GC threshold: 20.80 MB
Current GC threshold: 35.00 MB
CDS: off

CodeHeap 'non-profiled nmethods': size=120064Kb used=1157Kb max_used=1157Kb free=118906Kb
 bounds [0x0000020e4fc40000, 0x0000020e4feb0000, 0x0000020e57180000]
CodeHeap 'profiled nmethods': size=120000Kb used=5977Kb max_used=5977Kb free=114023Kb
 bounds [0x0000020e48710000, 0x0000020e48cf0000, 0x0000020e4fc40000]
CodeHeap 'non-nmethods': size=5696Kb used=1221Kb max_used=1242Kb free=4475Kb
 bounds [0x0000020e48180000, 0x0000020e483f0000, 0x0000020e48710000]
 total_blobs=3234 nmethods=2738 adapters=408
 compilation: enabled
              stopped_count=0, restarted_count=0
 full_count=0

Compilation events (20 events):
Event: 75.481 Thread 0x0000020e5c4b8800 nmethod 2707 0x0000020e48cc1690 code [0x0000020e48cc1860, 0x0000020e48cc1a68]
Event: 75.481 Thread 0x0000020e5c4b8800 2709       3       java.util.Formatter$FormatSpecifier::checkBadFlags (49 bytes)
Event: 75.482 Thread 0x0000020e5c4b8800 nmethod 2709 0x0000020e48cc1b10 code [0x0000020e48cc1d00, 0x0000020e48cc2158]
Event: 75.482 Thread 0x0000020e5c4b8800 2708       3       java.lang.StackTraceElement::toString (322 bytes)
Event: 75.489 Thread 0x0000020e5c4b8800 nmethod 2708 0x0000020e48cc2390 code [0x0000020e48cc2ae0, 0x0000020e48cc66d8]
Event: 75.489 Thread 0x0000020e5c4b8800 2710       3       java.lang.System::lineSeparator (4 bytes)
Event: 75.489 Thread 0x0000020e5c34c000 2711       4       sun.reflect.generics.parser.SignatureParser::advance (53 bytes)
Event: 75.489 Thread 0x0000020e5c4b8800 nmethod 2710 0x0000020e48cc7990 code [0x0000020e48cc7b40, 0x0000020e48cc7c38]
Event: 75.491 Thread 0x0000020e5c34c000 nmethod 2711 0x0000020e4fd60190 code [0x0000020e4fd60320, 0x0000020e4fd603d8]
Event: 75.493 Thread 0x0000020e5c34c000 2712  s    4       java.io.DataOutputStream::write (14 bytes)
Event: 75.497 Thread 0x0000020e5c4b8800 2713       3       java.io.OutputStreamWriter::write (11 bytes)
Event: 75.497 Thread 0x0000020e5c4b8800 nmethod 2713 0x0000020e48cc7c90 code [0x0000020e48cc7e40, 0x0000020e48cc7f88]
Event: 75.498 Thread 0x0000020e5c4b8800 2716       3       io.cucumber.messages.internal.com.google.gson.stream.JsonWriter::peek (29 bytes)
Event: 75.499 Thread 0x0000020e5c4b8800 nmethod 2716 0x0000020e48cc8090 code [0x0000020e48cc8260, 0x0000020e48cc8488]
Event: 75.499 Thread 0x0000020e5c4b8800 2717       3       io.cucumber.messages.internal.com.google.gson.stream.JsonWriter::replaceTop (13 bytes)
Event: 75.499 Thread 0x0000020e5c4b8800 nmethod 2717 0x0000020e48cc8590 code [0x0000020e48cc8740, 0x0000020e48cc8878]
Event: 75.499 Thread 0x0000020e5c4b8800 2718       3       java.io.OutputStreamWriter::write (9 bytes)
Event: 75.499 Thread 0x0000020e5c4b8800 nmethod 2718 0x0000020e48cc8990 code [0x0000020e48cc8b60, 0x0000020e48cc8dc8]
Event: 75.508 Thread 0x0000020e5c34c000 nmethod 2712 0x0000020e4fd60510 code [0x0000020e4fd606c0, 0x0000020e4fd61078]
Event: 75.508 Thread 0x0000020e5c34c000 2714       4       sun.nio.cs.UTF_8$Encoder::encodeArrayLoop (489 bytes)

GC Heap History (6 events):
Event: 3.773 GC heap before
{Heap before GC invocations=0 (full 0):
 garbage-first heap   total 63488K, used 13312K [0x00000000c2000000, 0x0000000100000000)
  region size 1024K, 14 young (14336K), 0 survivors (0K)
 Metaspace       used 11382K, capacity 11644K, committed 11776K, reserved 1060864K
  class space    used 1106K, capacity 1207K, committed 1280K, reserved 1048576K
}
Event: 3.792 GC heap after
{Heap after GC invocations=1 (full 0):
 garbage-first heap   total 63488K, used 3870K [0x00000000c2000000, 0x0000000100000000)
  region size 1024K, 2 young (2048K), 2 survivors (2048K)
 Metaspace       used 11382K, capacity 11644K, committed 11776K, reserved 1060864K
  class space    used 1106K, capacity 1207K, committed 1280K, reserved 1048576K
}
Event: 11.986 GC heap before
{Heap before GC invocations=1 (full 0):
 garbage-first heap   total 63488K, used 33566K [0x00000000c2000000, 0x0000000100000000)
  region size 1024K, 32 young (32768K), 2 survivors (2048K)
 Metaspace       used 20714K, capacity 21206K, committed 21248K, reserved 1069056K
  class space    used 2084K, capacity 2264K, committed 2304K, reserved 1048576K
}
Event: 12.010 GC heap after
{Heap after GC invocations=2 (full 0):
 garbage-first heap   total 63488K, used 6434K [0x00000000c2000000, 0x0000000100000000)
  region size 1024K, 5 young (5120K), 5 survivors (5120K)
 Metaspace       used 20714K, capacity 21206K, committed 21248K, reserved 1069056K
  class space    used 2084K, capacity 2264K, committed 2304K, reserved 1048576K
}
Event: 16.076 GC heap before
{Heap before GC invocations=3 (full 0):
 garbage-first heap   total 63488K, used 34082K [0x00000000c2000000, 0x0000000100000000)
  region size 1024K, 32 young (32768K), 5 survivors (5120K)
 Metaspace       used 25806K, capacity 26341K, committed 26496K, reserved 1073152K
  class space    used 2649K, capacity 2844K, committed 2944K, reserved 1048576K
}
Event: 16.106 GC heap after
{Heap after GC invocations=4 (full 0):
 garbage-first heap   total 63488K, used 10782K [0x00000000c2000000, 0x0000000100000000)
  region size 1024K, 4 young (4096K), 4 survivors (4096K)
 Metaspace       used 25806K, capacity 26341K, committed 26496K, reserved 1073152K
  class space    used 2649K, capacity 2844K, committed 2944K, reserved 1048576K
}

Deoptimization events (20 events):
Event: 61.592 Thread 0x0000020e3fa41800 Uncommon trap: trap_request=0xffffffde fr.pc=0x0000020e4fd48a88 relative=0x00000000000004a8
Event: 61.592 Thread 0x0000020e3fa41800 Uncommon trap: reason=class_check action=maybe_recompile pc=0x0000020e4fd48a88 method=org.openqa.selenium.json.Input.init()V @ 18 c2
Event: 61.592 Thread 0x0000020e3fa41800 DEOPT PACKING pc=0x0000020e4fd48a88 sp=0x00000073d07fc060
Event: 61.592 Thread 0x0000020e3fa41800 DEOPT UNPACKING pc=0x0000020e481ca1af sp=0x00000073d07fc038 mode 2
Event: 62.246 Thread 0x0000020e3fa41800 Uncommon trap: trap_request=0xffffff4d fr.pc=0x0000020e4fd51e20 relative=0x0000000000000100
Event: 62.246 Thread 0x0000020e3fa41800 Uncommon trap: reason=unstable_if action=reinterpret pc=0x0000020e4fd51e20 method=com.intellij.rt.execution.junit.MapSerializerUtil$1.escape(C)C @ 1 c2
Event: 62.246 Thread 0x0000020e3fa41800 DEOPT PACKING pc=0x0000020e4fd51e20 sp=0x00000073d07fda80
Event: 62.246 Thread 0x0000020e3fa41800 DEOPT UNPACKING pc=0x0000020e481ca1af sp=0x00000073d07fda10 mode 2
Event: 62.402 Thread 0x0000020e3fa41800 DEOPT PACKING pc=0x0000020e48bc9811 sp=0x00000073d07fcf60
Event: 62.402 Thread 0x0000020e3fa41800 DEOPT UNPACKING pc=0x0000020e481ca95e sp=0x00000073d07fc440 mode 0
Event: 62.407 Thread 0x0000020e3fa41800 DEOPT PACKING pc=0x0000020e48bc9811 sp=0x00000073d07fcef0
Event: 62.407 Thread 0x0000020e3fa41800 DEOPT UNPACKING pc=0x0000020e481ca95e sp=0x00000073d07fc3d0 mode 0
Event: 62.644 Thread 0x0000020e3fa41800 Uncommon trap: trap_request=0xffffff4d fr.pc=0x0000020e4fd2f814 relative=0x0000000000003714
Event: 62.644 Thread 0x0000020e3fa41800 Uncommon trap: reason=unstable_if action=reinterpret pc=0x0000020e4fd2f814 method=java.net.URLStreamHandler.parseURL(Ljava/net/URL;Ljava/lang/String;II)V @ 698 c2
Event: 62.644 Thread 0x0000020e3fa41800 DEOPT PACKING pc=0x0000020e4fd2f814 sp=0x00000073d07fcfa0
Event: 62.644 Thread 0x0000020e3fa41800 DEOPT UNPACKING pc=0x0000020e481ca1af sp=0x00000073d07fcf50 mode 2
Event: 75.435 Thread 0x0000020e3fa41800 Uncommon trap: trap_request=0xffffff4d fr.pc=0x0000020e4fd4ed28 relative=0x0000000000000448
Event: 75.435 Thread 0x0000020e3fa41800 Uncommon trap: reason=unstable_if action=reinterpret pc=0x0000020e4fd4ed28 method=sun.nio.cs.UTF_8$Encoder.encodeArrayLoop(Ljava/nio/CharBuffer;Ljava/nio/ByteBuffer;)Ljava/nio/charset/CoderResult; @ 113 c2
Event: 75.435 Thread 0x0000020e3fa41800 DEOPT PACKING pc=0x0000020e4fd4ed28 sp=0x00000073d07fdb70
Event: 75.435 Thread 0x0000020e3fa41800 DEOPT UNPACKING pc=0x0000020e481ca1af sp=0x00000073d07fdad8 mode 2

Classes redefined (0 events):
No events

Internal exceptions (20 events):
Event: 61.859 Thread 0x0000020e3fa41800 Exception <a 'java/lang/reflect/InvocationTargetException'{0x00000000c47861b8}> (0x00000000c47861b8) thrown at [./src/hotspot/share/runtime/reflection.cpp, line 1247]
Event: 61.995 Thread 0x0000020e3fa41800 Exception <a 'java/lang/NullPointerException'{0x00000000c4682b90}> (0x00000000c4682b90) thrown at [./src/hotspot/share/interpreter/linkResolver.cpp, line 1440]
Event: 61.995 Thread 0x0000020e3fa41800 Exception <a 'java/lang/reflect/InvocationTargetException'{0x00000000c4683108}> (0x00000000c4683108) thrown at [./src/hotspot/share/runtime/reflection.cpp, line 1247]
Event: 62.655 Thread 0x0000020e5dc0b800 Exception <a 'java/net/ConnectException'{0x00000000c53d0338}: Connection refused: connect> (0x00000000c53d0338) thrown at [./src/hotspot/share/prims/jni.cpp, line 637]
Event: 62.688 Thread 0x0000020e5dc0b800 Exception <a 'java/net/ConnectException'{0x00000000c53d12b8}: Connection refused: connect> (0x00000000c53d12b8) thrown at [./src/hotspot/share/prims/jni.cpp, line 637]
Event: 62.712 Thread 0x0000020e5dc0b800 Exception <a 'java/net/ConnectException'{0x00000000c53d2238}: Connection refused: connect> (0x00000000c53d2238) thrown at [./src/hotspot/share/prims/jni.cpp, line 637]
Event: 62.800 Thread 0x0000020e5dc0b800 Exception <a 'java/net/ConnectException'{0x00000000c53d31b8}: Connection refused: connect> (0x00000000c53d31b8) thrown at [./src/hotspot/share/prims/jni.cpp, line 637]
Event: 62.894 Thread 0x0000020e5dc0b800 Exception <a 'java/net/ConnectException'{0x00000000c53d4138}: Connection refused: connect> (0x00000000c53d4138) thrown at [./src/hotspot/share/prims/jni.cpp, line 637]
Event: 63.068 Thread 0x0000020e5dc0b800 Exception <a 'java/net/ConnectException'{0x00000000c53d50b8}: Connection refused: connect> (0x00000000c53d50b8) thrown at [./src/hotspot/share/prims/jni.cpp, line 637]
Event: 63.425 Thread 0x0000020e5dc0b800 Exception <a 'java/net/ConnectException'{0x00000000c53d6038}: Connection refused: connect> (0x00000000c53d6038) thrown at [./src/hotspot/share/prims/jni.cpp, line 637]
Event: 63.760 Thread 0x0000020e5dc0b800 Exception <a 'java/net/ConnectException'{0x00000000c53d6fb8}: Connection refused: connect> (0x00000000c53d6fb8) thrown at [./src/hotspot/share/prims/jni.cpp, line 637]
Event: 64.093 Thread 0x0000020e5dc0b800 Exception <a 'java/net/ConnectException'{0x00000000c53d8090}: Connection refused: connect> (0x00000000c53d8090) thrown at [./src/hotspot/share/prims/jni.cpp, line 637]
Event: 64.437 Thread 0x0000020e5dc0b800 Exception <a 'java/net/ConnectException'{0x00000000c53d9010}: Connection refused: connect> (0x00000000c53d9010) thrown at [./src/hotspot/share/prims/jni.cpp, line 637]
Event: 64.759 Thread 0x0000020e5dc0b800 Exception <a 'java/net/ConnectException'{0x00000000c53d9f90}: Connection refused: connect> (0x00000000c53d9f90) thrown at [./src/hotspot/share/prims/jni.cpp, line 637]
Event: 65.086 Thread 0x0000020e5dc0b800 Exception <a 'java/net/ConnectException'{0x00000000c53daf10}: Connection refused: connect> (0x00000000c53daf10) thrown at [./src/hotspot/share/prims/jni.cpp, line 637]
Event: 65.415 Thread 0x0000020e5dc0b800 Exception <a 'java/net/ConnectException'{0x00000000c53dbec8}: Connection refused: connect> (0x00000000c53dbec8) thrown at [./src/hotspot/share/prims/jni.cpp, line 637]
Event: 65.742 Thread 0x0000020e5dc0b800 Exception <a 'java/net/ConnectException'{0x00000000c53dce48}: Connection refused: connect> (0x00000000c53dce48) thrown at [./src/hotspot/share/prims/jni.cpp, line 637]
Event: 75.432 Thread 0x0000020e3fa41800 Exception <a 'java/lang/reflect/InvocationTargetException'{0x00000000c3e48158}> (0x00000000c3e48158) thrown at [./src/hotspot/share/runtime/reflection.cpp, line 1247]
Event: 75.478 Thread 0x0000020e3fa41800 Exception <a 'java/lang/NullPointerException'{0x00000000c3d09238}> (0x00000000c3d09238) thrown at [./src/hotspot/share/interpreter/linkResolver.cpp, line 1440]
Event: 75.479 Thread 0x0000020e3fa41800 Exception <a 'java/lang/reflect/InvocationTargetException'{0x00000000c3d097b0}> (0x00000000c3d097b0) thrown at [./src/hotspot/share/runtime/reflection.cpp, line 1247]

Events (20 events):
Event: 64.089 Executing VM operation: BulkRevokeBias done
Event: 66.125 Thread 0x0000020e5dc0e000 Thread added: 0x0000020e5dc0e000
Event: 66.129 Loaded shared library C:\Users\DELL\.jdks\corretto-11.0.14.1\bin\java.dll
Event: 71.153 Executing VM operation: RevokeBias
Event: 71.153 Executing VM operation: RevokeBias done
Event: 71.153 Executing VM operation: RevokeBias
Event: 71.153 Executing VM operation: RevokeBias done
Event: 71.153 Thread 0x0000020e5dc0e000 Thread exited: 0x0000020e5dc0e000
Event: 75.485 loading class org/junit/runner/notification/RunNotifier$4
Event: 75.485 loading class org/junit/runner/notification/RunNotifier$4 done
Event: 75.486 loading class io/cucumber/plugin/event/Status
Event: 75.486 loading class io/cucumber/plugin/event/Status done
Event: 75.486 loading class io/cucumber/plugin/event/Result
Event: 75.486 loading class io/cucumber/plugin/event/Result done
Event: 75.490 loading class io/cucumber/messages/internal/com/google/gson/internal/$Gson$Types$ParameterizedTypeImpl
Event: 75.490 loading class io/cucumber/messages/internal/com/google/gson/internal/$Gson$Types$ParameterizedTypeImpl done
Event: 75.492 loading class jdk/internal/vm/annotation/ForceInline
Event: 75.492 loading class jdk/internal/vm/annotation/ForceInline done
Event: 75.494 loading class io/cucumber/messages/internal/com/google/gson/internal/ConstructorConstructor$3
Event: 75.494 loading class io/cucumber/messages/internal/com/google/gson/internal/ConstructorConstructor$3 done


Dynamic libraries:
0x00007ff754880000 - 0x00007ff75488d000 	C:\Users\DELL\.jdks\corretto-11.0.14.1\bin\java.exe
0x00007ffa05090000 - 0x00007ffa05288000 	C:\WINDOWS\SYSTEM32\ntdll.dll
0x00007ffa04830000 - 0x00007ffa048ef000 	C:\WINDOWS\System32\KERNEL32.DLL
0x00007ffa02ac0000 - 0x00007ffa02db6000 	C:\WINDOWS\System32\KERNELBASE.dll
0x00007ffa02770000 - 0x00007ffa02870000 	C:\WINDOWS\System32\ucrtbase.dll
0x00007ff9f8000000 - 0x00007ff9f8017000 	C:\Users\DELL\.jdks\corretto-11.0.14.1\bin\jli.dll
0x00007ff9f7c90000 - 0x00007ff9f7ca9000 	C:\Users\DELL\.jdks\corretto-11.0.14.1\bin\VCRUNTIME140.dll
0x00007ffa04eb0000 - 0x00007ffa0504d000 	C:\WINDOWS\System32\USER32.dll
0x00007ffa030c0000 - 0x00007ffa030e2000 	C:\WINDOWS\System32\win32u.dll
0x00007ffa041b0000 - 0x00007ffa041dc000 	C:\WINDOWS\System32\GDI32.dll
0x00007ffa02ea0000 - 0x00007ffa02fb5000 	C:\WINDOWS\System32\gdi32full.dll
0x00007ff9f04b0000 - 0x00007ff9f074a000 	C:\WINDOWS\WinSxS\amd64_microsoft.windows.common-controls_6595b64144ccf1df_6.0.19041.1110_none_60b5254171f9507e\COMCTL32.dll
0x00007ffa028c0000 - 0x00007ffa0295d000 	C:\WINDOWS\System32\msvcp_win.dll
0x00007ffa04790000 - 0x00007ffa0482e000 	C:\WINDOWS\System32\msvcrt.dll
0x00007ffa03e00000 - 0x00007ffa03e30000 	C:\WINDOWS\System32\IMM32.DLL
0x00007ff9f7bf0000 - 0x00007ff9f7c8b000 	C:\Users\DELL\.jdks\corretto-11.0.14.1\bin\msvcp140.dll
0x00007ff9cb270000 - 0x00007ff9cbdf3000 	C:\Users\DELL\.jdks\corretto-11.0.14.1\bin\server\jvm.dll
0x00007ffa03150000 - 0x00007ffa031ff000 	C:\WINDOWS\System32\ADVAPI32.dll
0x00007ffa035e0000 - 0x00007ffa0367c000 	C:\WINDOWS\System32\sechost.dll
0x00007ffa04660000 - 0x00007ffa04786000 	C:\WINDOWS\System32\RPCRT4.dll
0x00007ffa03de0000 - 0x00007ffa03de8000 	C:\WINDOWS\System32\PSAPI.DLL
0x00007ff9ef510000 - 0x00007ff9ef519000 	C:\WINDOWS\SYSTEM32\WSOCK32.dll
0x00007ffa04e40000 - 0x00007ffa04eab000 	C:\WINDOWS\System32\WS2_32.dll
0x00007ff9f1ce0000 - 0x00007ff9f1d07000 	C:\WINDOWS\SYSTEM32\WINMM.dll
0x00007ff9f07f0000 - 0x00007ff9f07fa000 	C:\WINDOWS\SYSTEM32\VERSION.dll
0x00007ffa00fb0000 - 0x00007ffa00fc2000 	C:\WINDOWS\SYSTEM32\kernel.appcore.dll
0x00007ff9faa30000 - 0x00007ff9faa40000 	C:\Users\DELL\.jdks\corretto-11.0.14.1\bin\verify.dll
0x00007ffa004d0000 - 0x00007ffa006b4000 	C:\WINDOWS\SYSTEM32\DBGHELP.DLL
0x00007ff9f9720000 - 0x00007ff9f9754000 	C:\WINDOWS\SYSTEM32\dbgcore.DLL
0x00007ffa03030000 - 0x00007ffa030b2000 	C:\WINDOWS\System32\bcryptPrimitives.dll
0x00007ff9f7bc0000 - 0x00007ff9f7be8000 	C:\Users\DELL\.jdks\corretto-11.0.14.1\bin\java.dll
0x00007ff9f98b0000 - 0x00007ff9f98ba000 	C:\Users\DELL\.jdks\corretto-11.0.14.1\bin\jimage.dll
0x00007ff9facd0000 - 0x00007ff9facde000 	C:\Users\DELL\.jdks\corretto-11.0.14.1\bin\instrument.dll
0x00007ff9f7ba0000 - 0x00007ff9f7bb8000 	C:\Users\DELL\.jdks\corretto-11.0.14.1\bin\zip.dll
0x00007ffa03680000 - 0x00007ffa03dc4000 	C:\WINDOWS\System32\SHELL32.dll
0x00007ffa006c0000 - 0x00007ffa00e53000 	C:\WINDOWS\SYSTEM32\windows.storage.dll
0x00007ffa03e30000 - 0x00007ffa04184000 	C:\WINDOWS\System32\combase.dll
0x00007ffa020e0000 - 0x00007ffa0210e000 	C:\WINDOWS\SYSTEM32\Wldp.dll
0x00007ffa03340000 - 0x00007ffa033ed000 	C:\WINDOWS\System32\SHCORE.dll
0x00007ffa04310000 - 0x00007ffa04365000 	C:\WINDOWS\System32\shlwapi.dll
0x00007ffa026b0000 - 0x00007ffa026cf000 	C:\WINDOWS\SYSTEM32\profapi.dll
0x00007ff9f7b80000 - 0x00007ff9f7b99000 	C:\Users\DELL\.jdks\corretto-11.0.14.1\bin\net.dll
0x00007ff9f6b50000 - 0x00007ff9f6c5a000 	C:\WINDOWS\SYSTEM32\WINHTTP.dll
0x00007ffa01e40000 - 0x00007ffa01eaa000 	C:\WINDOWS\system32\mswsock.dll
0x00007ff9f7b60000 - 0x00007ff9f7b73000 	C:\Users\DELL\.jdks\corretto-11.0.14.1\bin\nio.dll
0x00007ff9f7b30000 - 0x00007ff9f7b4a000 	C:\Program Files\JetBrains\IntelliJ IDEA Community Edition 2021.3.3\bin\breakgen64.dll
0x00007ffa02030000 - 0x00007ffa02048000 	C:\WINDOWS\SYSTEM32\CRYPTSP.dll
0x00007ffa01760000 - 0x00007ffa01794000 	C:\WINDOWS\system32\rsaenh.dll
0x00007ffa02dc0000 - 0x00007ffa02de7000 	C:\WINDOWS\System32\bcrypt.dll
0x00007ffa02670000 - 0x00007ffa0269e000 	C:\WINDOWS\SYSTEM32\USERENV.dll
0x00007ffa02050000 - 0x00007ffa0205c000 	C:\WINDOWS\SYSTEM32\CRYPTBASE.dll
0x00007ffa01b30000 - 0x00007ffa01b6c000 	C:\WINDOWS\SYSTEM32\IPHLPAPI.DLL
0x00007ffa03dd0000 - 0x00007ffa03dd8000 	C:\WINDOWS\System32\NSI.dll
0x00007ff9f6da0000 - 0x00007ff9f6db7000 	C:\WINDOWS\SYSTEM32\dhcpcsvc6.DLL
0x00007ff9f8c60000 - 0x00007ff9f8c7d000 	C:\WINDOWS\SYSTEM32\dhcpcsvc.DLL
0x00007ffa01b70000 - 0x00007ffa01c3a000 	C:\WINDOWS\SYSTEM32\DNSAPI.dll
0x00007ff9f14d0000 - 0x00007ff9f14de000 	C:\Users\DELL\.jdks\corretto-11.0.14.1\bin\sunmscapi.dll
0x00007ffa02960000 - 0x00007ffa02abe000 	C:\WINDOWS\System32\CRYPT32.dll
0x00007ffa02150000 - 0x00007ffa02178000 	C:\WINDOWS\SYSTEM32\ncrypt.dll
0x00007ffa02110000 - 0x00007ffa0214b000 	C:\WINDOWS\SYSTEM32\NTASN1.dll
0x00007ff9f1410000 - 0x00007ff9f1435000 	C:\Users\DELL\.jdks\corretto-11.0.14.1\bin\sunec.dll
0x00007ff9f9650000 - 0x00007ff9f965a000 	C:\Windows\System32\rasadhlp.dll
0x00007ff9f1c50000 - 0x00007ff9f1cd2000 	C:\WINDOWS\System32\fwpuclnt.dll
0x00007ff9e8110000 - 0x00007ff9e8127000 	C:\WINDOWS\system32\napinsp.dll
0x00007ff9e66b0000 - 0x00007ff9e66cb000 	C:\WINDOWS\system32\pnrpnsp.dll
0x00007ff9fcdd0000 - 0x00007ff9fcde5000 	C:\WINDOWS\system32\wshbth.dll
0x00007ff9faa60000 - 0x00007ff9faa7d000 	C:\WINDOWS\system32\NLAapi.dll
0x00007ff9e3fb0000 - 0x00007ff9e3fc2000 	C:\WINDOWS\System32\winrnr.dll

dbghelp: loaded successfully - version: 4.0.5 - missing functions: none
symbol engine: initialized successfully - sym options: 0x614 - pdb path: .;C:\Users\DELL\.jdks\corretto-11.0.14.1\bin;C:\WINDOWS\SYSTEM32;C:\WINDOWS\WinSxS\amd64_microsoft.windows.common-controls_6595b64144ccf1df_6.0.19041.1110_none_60b5254171f9507e;C:\Users\DELL\.jdks\corretto-11.0.14.1\bin\server;C:\Program Files\JetBrains\IntelliJ IDEA Community Edition 2021.3.3\bin

VM Arguments:
jvm_args: -ea -DnodeNamesHandler=org.jetbrains.plugins.cucumber.java.run.CucumberTestTreeNodeManager -Didea.test.cyclic.buffer.size=1048576 -javaagent:C:\Program Files\JetBrains\IntelliJ IDEA Community Edition 2021.3.3\lib\idea_rt.jar=52023:C:\Program Files\JetBrains\IntelliJ IDEA Community Edition 2021.3.3\bin -Dfile.encoding=UTF-8 
java_command: com.intellij.rt.junit.JUnitStarter -ideVersion5 -junit4 com.qascriptcucumber.TestRunner
java_class_path (initial): C:\Program Files\JetBrains\IntelliJ IDEA Community Edition 2021.3.3\lib\idea_rt.jar;C:\Program Files\JetBrains\IntelliJ IDEA Community Edition 2021.3.3\plugins\junit\lib\junit5-rt.jar;C:\Program Files\JetBrains\IntelliJ IDEA Community Edition 2021.3.3\plugins\junit\lib\junit-rt.jar;G:\CucumberMavenProject\target\test-classes;G:\CucumberMavenProject\target\classes;C:\Users\DELL\.m2\repository\io\cucumber\cucumber-java\6.10.4\cucumber-java-6.10.4.jar;C:\Users\DELL\.m2\repository\io\cucumber\cucumber-core\6.10.4\cucumber-core-6.10.4.jar;C:\Users\DELL\.m2\repository\io\cucumber\cucumber-gherkin\6.10.4\cucumber-gherkin-6.10.4.jar;C:\Users\DELL\.m2\repository\io\cucumber\cucumber-gherkin-messages\6.10.4\cucumber-gherkin-messages-6.10.4.jar;C:\Users\DELL\.m2\repository\io\cucumber\messages\15.0.0\messages-15.0.0.jar;C:\Users\DELL\.m2\repository\io\cucumber\tag-expressions\3.0.1\tag-expressions-3.0.1.jar;C:\Users\DELL\.m2\repository\io\cucumber\cucumber-expressions\10.3.0\cucumber-expressions-10.3.0.jar;C:\Users\DELL\.m2\repository\io\cucumber\datatable\3.5.0\datatable-3.5.0.jar;C:\Users\DELL\.m2\repository\io\cucumber\cucumber-plugin\6.10.4\cucumber-plugin-6.10.4.jar;C:\Users\DELL\.m2\repository\io\cucumber\docstring\6.10.4\docstring-6.10.4.jar;C:\Users\DELL\.m2\repository\io\cucumber\html-formatter\13.0.0\html-formatter-13.0.0.jar;C:\Users\DELL\.m2\repository\io\cucumber\create-meta\4.0.0\create-meta-4.0.0.jar;C:\Users\DELL\.m2\repository\org\apiguardian\apiguardian-api\1.1.1\apiguardian-api-1.1.1.jar;C:\Users\DELL\.m2\repository\io\cucumber\cucumber-junit\6.10.4\cucumber-junit-6.10.4.jar;C:\Users\DELL\.m2\repository\junit\junit\4.13.2\junit-4.13.2.jar;C:\Users\DELL\.m2\repository\org\hamcrest\hamcrest-core\1.3\hamcrest-core-1.3.jar;C:\Users\DELL\.m2\repository\io\cucumber\cucumber-testng\6.10.4\cucumber-testng-6.10.4.jar;C:\Users\DELL\.m2\repository\org\testng\testng\7.4.0\testng-7.4.0.jar;C:\Users\DELL\.m2\repository\com\beust\jcommander\1.7
Launcher Type: SUN_STANDARD

[Global flags]
     intx CICompilerCount                          = 3                                         {product} {ergonomic}
     uint ConcGCThreads                            = 1                                         {product} {ergonomic}
     uint G1ConcRefinementThreads                  = 4                                         {product} {ergonomic}
   size_t G1HeapRegionSize                         = 1048576                                   {product} {ergonomic}
    uintx GCDrainStackTargetSize                   = 64                                        {product} {ergonomic}
   size_t InitialHeapSize                          = 65011712                                  {product} {ergonomic}
   size_t MarkStackSize                            = 4194304                                   {product} {ergonomic}
   size_t MaxHeapSize                              = 1040187392                                {product} {ergonomic}
   size_t MaxNewSize                               = 623902720                                 {product} {ergonomic}
   size_t MinHeapDeltaBytes                        = 1048576                                   {product} {ergonomic}
    uintx NonNMethodCodeHeapSize                   = 5830732                                {pd product} {ergonomic}
    uintx NonProfiledCodeHeapSize                  = 122913754                              {pd product} {ergonomic}
    uintx ProfiledCodeHeapSize                     = 122913754                              {pd product} {ergonomic}
    uintx ReservedCodeCacheSize                    = 251658240                              {pd product} {ergonomic}
     bool SegmentedCodeCache                       = true                                      {product} {ergonomic}
     bool UseCompressedClassPointers               = true                                 {lp64_product} {ergonomic}
     bool UseCompressedOops                        = true                                 {lp64_product} {ergonomic}
     bool UseG1GC                                  = true                                      {product} {ergonomic}
     bool UseLargePagesIndividualAllocation        = false                                  {pd product} {ergonomic}

Logging:
Log output configuration:
 #0: stdout all=warning uptime,level,tags
 #1: stderr all=off uptime,level,tags

Environment Variables:
PATH=C:\Program Files (x86)\Common Files\Oracle\Java\javapath;C:\WINDOWS\system32;C:\WINDOWS;C:\WINDOWS\System32\Wbem;C:\WINDOWS\System32\WindowsPowerShell\v1.0\;C:\WINDOWS\System32\OpenSSH\;C:\Program Files\Git\cmd;C:\Program Files\nodejs\;C:\ProgramData\chocolatey\bin;C:\Program Files (x86)\Java\jre-1.8\bin;C:\Program Files (x86)\Java\jre-1.8\lib;C:\Users\DELL\AppData\Local\Microsoft\WindowsApps;C:\Users\DELL\AppData\Roaming\npm;C:\Users\DELL\AppData\Local\Programs\Microsoft VS Code\bin
USERNAME=DELL
OS=Windows_NT
PROCESSOR_IDENTIFIER=Intel64 Family 6 Model 78 Stepping 3, GenuineIntel



---------------  S Y S T E M  ---------------

OS: Windows 10 , 64 bit Build 19041 (10.0.19041.3031)
OS uptime: 0 days 7:25 hours

CPU:total 4 (initial active 4) (2 cores per cpu, 2 threads per core) family 6 model 78 stepping 3 microcode 0xcc, cmov, cx8, fxsr, mmx, sse, sse2, sse3, ssse3, sse4.1, sse4.2, popcnt, avx, avx2, aes, clmul, erms, 3dnowpref, lzcnt, ht, tsc, tscinvbit, bmi1, bmi2, adx, fma

Memory: 4k page, system-wide physical 3962M (397M free)
TotalPageFile size 6010M (AvailPageFile size 27M)
current process WorkingSet (physical memory assigned to process): 127M, peak: 132M
current process commit charge ("private bytes"): 176M, peak: 183M

vm_info: OpenJDK 64-Bit Server VM (11.0.14.1+10-LTS) for windows-amd64 JRE (11.0.14.1+10-LTS), built on Feb  8 2022 00:13:20 by "Administrator" with unknown MS VC++:1916

END.
