#
# There is insufficient memory for the Java Runtime Environment to continue.
# Native memory allocation (mmap) failed to map 13631488 bytes for Failed to commit area from 0x00000000c5e00000 to 0x00000000c6b00000 of length 13631488.
# Possible reasons:
#   The system is out of physical RAM or swap space
#   The process is running with CompressedOops enabled, and the Java Heap may be blocking the growth of the native heap
# Possible solutions:
#   Reduce memory load on the system
#   Increase physical memory or swap space
#   Check if swap backing store is full
#   Decrease Java heap size (-Xmx/-Xms)
#   Decrease number of Java threads
#   Decrease Java thread stack sizes (-Xss)
#   Set larger code cache with -XX:ReservedCodeCacheSize=
#   JVM is running with Unscaled Compressed Oops mode in which the Java heap is
#     placed in the first 4GB address space. The Java Heap base address is the
#     maximum limit for the native heap growth. Please use -XX:HeapBaseMinAddress
#     to set the Java Heap base and to place the Java Heap above 4GB virtual address.
# This output file may be truncated or incomplete.
#
#  Out of Memory Error (./src/hotspot/os/windows/os_windows.cpp:3387), pid=5368, tid=7704
#
# JRE version: OpenJDK Runtime Environment Corretto-11.0.14.10.1 (11.0.14.1+10) (build 11.0.14.1+10-LTS)
# Java VM: OpenJDK 64-Bit Server VM Corretto-11.0.14.10.1 (11.0.14.1+10-LTS, mixed mode, tiered, compressed oops, g1 gc, windows-amd64)
# No core dump will be written. Minidumps are not enabled by default on client versions of Windows
#

---------------  S U M M A R Y ------------

Command Line: -ea -DnodeNamesHandler=org.jetbrains.plugins.cucumber.java.run.CucumberTestTreeNodeManager -Didea.test.cyclic.buffer.size=1048576 -javaagent:C:\Program Files\JetBrains\IntelliJ IDEA Community Edition 2021.3.3\lib\idea_rt.jar=50167:C:\Program Files\JetBrains\IntelliJ IDEA Community Edition 2021.3.3\bin -Dfile.encoding=UTF-8 com.intellij.rt.junit.JUnitStarter -ideVersion5 -junit4 com.qascriptcucumber.TestRunner

Host: Intel(R) Core(TM) i3-6006U CPU @ 2.00GHz, 4 cores, 3G,  Windows 10 , 64 bit Build 19041 (10.0.19041.3155)
Time: Sun Aug  6 00:55:46 2023 India Standard Time elapsed time: 8.840299 seconds (0d 0h 0m 8s)

---------------  T H R E A D  ---------------

Current thread (0x0000022d24145800):  VMThread "VM Thread" [stack: 0x00000084c9600000,0x00000084c9700000] [id=7704]

Stack: [0x00000084c9600000,0x00000084c9700000]
[error occurred during error reporting (printing stack bounds), id 0xc0000005, EXCEPTION_ACCESS_VIOLATION (0xc0000005) at pc=0x0000022d1000112d]

Native frames: (J=compiled Java code, j=interpreted, Vv=VM code, C=native code)
V  [jvm.dll+0x61e62a]
V  [jvm.dll+0x7ab569]
V  [jvm.dll+0x7acc58]
V  [jvm.dll+0x7ad295]
V  [jvm.dll+0x7ad24b]
V  [jvm.dll+0x61d9b7]
V  [jvm.dll+0x61e0c8]
C  [ntdll.dll+0xa23af]
C  [ntdll.dll+0x514b4]
C  [ntdll.dll+0xa0ebe]
C  0x0000022d1000112d

VM_Operation (0x00000084c90fa5a0): G1CollectForAllocation, mode: safepoint, requested by thread 0x0000022d078c1800


---------------  P R O C E S S  ---------------

Threads class SMR info:
_java_thread_list=0x0000022d25e4f780, length=16, elements={
0x0000022d078c1800, 0x0000022d2416b800, 0x0000022d2416c000, 0x0000022d241c4800,
0x0000022d241c5800, 0x0000022d241c8000, 0x0000022d241cc000, 0x0000022d241d3000,
0x0000022d241db000, 0x0000022d24445800, 0x0000022d245c8000, 0x0000022d257f7800,
0x0000022d25602800, 0x0000022d25604000, 0x0000022d2620e000, 0x0000022d25a45000
}

Java Threads: ( => current thread )
  0x0000022d078c1800 JavaThread "Forwarding newSession on session null to remote" [_thread_blocked, id=7208, stack(0x00000084c9000000,0x00000084c9100000)]
  0x0000022d2416b800 JavaThread "Reference Handler" daemon [_thread_blocked, id=5332, stack(0x00000084c9700000,0x00000084c9800000)]
  0x0000022d2416c000 JavaThread "Finalizer" daemon [_thread_blocked, id=4968, stack(0x00000084c9800000,0x00000084c9900000)]
  0x0000022d241c4800 JavaThread "Signal Dispatcher" daemon [_thread_blocked, id=4920, stack(0x00000084c9900000,0x00000084c9a00000)]
  0x0000022d241c5800 JavaThread "Attach Listener" daemon [_thread_blocked, id=1348, stack(0x00000084c9a00000,0x00000084c9b00000)]
  0x0000022d241c8000 JavaThread "Service Thread" daemon [_thread_blocked, id=9920, stack(0x00000084c9b00000,0x00000084c9c00000)]
  0x0000022d241cc000 JavaThread "C2 CompilerThread0" daemon [_thread_blocked, id=5276, stack(0x00000084c9c00000,0x00000084c9d00000)]
  0x0000022d241d3000 JavaThread "C1 CompilerThread0" daemon [_thread_blocked, id=10560, stack(0x00000084c9d00000,0x00000084c9e00000)]
  0x0000022d241db000 JavaThread "Sweeper thread" daemon [_thread_blocked, id=8848, stack(0x00000084c9e00000,0x00000084c9f00000)]
  0x0000022d24445800 JavaThread "Common-Cleaner" daemon [_thread_blocked, id=8956, stack(0x00000084c9f00000,0x00000084ca000000)]
  0x0000022d245c8000 JavaThread "Monitor Ctrl-Break" daemon [_thread_in_native, id=8744, stack(0x00000084ca100000,0x00000084ca200000)]
  0x0000022d257f7800 JavaThread "Exec Default Executor" daemon [_thread_in_native, id=6528, stack(0x00000084ca400000,0x00000084ca500000)]
  0x0000022d25602800 JavaThread "UrlChecker-2" daemon [_thread_blocked, id=11628, stack(0x00000084ca500000,0x00000084ca600000)]
  0x0000022d25604000 JavaThread "Exec Stream Pumper" daemon [_thread_in_native, id=11344, stack(0x00000084ca600000,0x00000084ca700000)]
  0x0000022d2620e000 JavaThread "Exec Stream Pumper" daemon [_thread_in_native, id=4476, stack(0x00000084ca700000,0x00000084ca800000)]
  0x0000022d25a45000 JavaThread "Keep-Alive-Timer" daemon [_thread_blocked, id=3656, stack(0x00000084ca800000,0x00000084ca900000)]

Other Threads:
=>0x0000022d24145800 VMThread "VM Thread" [stack: 0x00000084c9600000,0x00000084c9700000] [id=7704]
  0x0000022d245c8800 WatcherThread [stack: 0x00000084ca200000,0x00000084ca300000] [id=14372]
  0x0000022d078d9000 GCTaskThread "GC Thread#0" [stack: 0x00000084c9100000,0x00000084c9200000] [id=12508]
  0x0000022d24ab4000 GCTaskThread "GC Thread#1" [stack: 0x00000084ca300000,0x00000084ca400000] [id=12644]
  0x0000022d078f4800 ConcurrentGCThread "G1 Main Marker" [stack: 0x00000084c9200000,0x00000084c9300000] [id=15164]
  0x0000022d078f5800 ConcurrentGCThread "G1 Conc#0" [stack: 0x00000084c9300000,0x00000084c9400000] [id=12780]
  0x0000022d0793c800 ConcurrentGCThread "G1 Refine#0" [stack: 0x00000084c9400000,0x00000084c9500000] [id=13704]
  0x0000022d0793e000 ConcurrentGCThread "G1 Young RemSet Sampling" [stack: 0x00000084c9500000,0x00000084c9600000] [id=1016]

Threads with active compile tasks:

VM state:at safepoint (normal execution)

VM Mutex/Monitor currently owned by a thread:  ([mutex/lock_event])
[0x0000022d078be120] Threads_lock - owner thread: 0x0000022d24145800
[0x0000022d078bd700] Heap_lock - owner thread: 0x0000022d078c1800

Heap address: 0x00000000c2000000, size: 992 MB, Compressed Oops mode: 32-bit
Narrow klass base: 0x0000000000000000, Narrow klass shift: 3
Compressed class space size: 1073741824 Address: 0x0000000100000000

Heap:
 garbage-first heap   total 76800K, used 14336K [0x00000000c2000000, 0x0000000100000000)
  region size 1024K, 2 young (2048K), 2 survivors (2048K)
 Metaspace       used 31197K, capacity 31955K, committed 32128K, reserved 1077248K
  class space    used 3373K, capacity 3648K, committed 3712K, reserved 1048576K
Heap Regions: E=young(eden), S=young(survivor), O=old, HS=humongous(starts), HC=humongous(continues), CS=collection set, F=free, A=archive, TAMS=top-at-mark-start (previous, next)
|   0|0x00000000c2000000, 0x00000000c2100000, 0x00000000c2100000|100%| O|  |TAMS 0x00000000c2100000, 0x00000000c2000000| Untracked 
|   1|0x00000000c2100000, 0x00000000c2200000, 0x00000000c2200000|100%| O|  |TAMS 0x00000000c2200000, 0x00000000c2100000| Untracked 
|   2|0x00000000c2200000, 0x00000000c2300000, 0x00000000c2300000|100%| O|  |TAMS 0x00000000c2300000, 0x00000000c2200000| Untracked 
|   3|0x00000000c2300000, 0x00000000c2400000, 0x00000000c2400000|100%| O|  |TAMS 0x00000000c2400000, 0x00000000c2300000| Untracked 
|   4|0x00000000c2400000, 0x00000000c2500000, 0x00000000c2500000|100%| O|  |TAMS 0x00000000c2500000, 0x00000000c2400000| Untracked 
|   5|0x00000000c2500000, 0x00000000c2600000, 0x00000000c2600000|100%| O|  |TAMS 0x00000000c2600000, 0x00000000c2500000| Untracked 
|   6|0x00000000c2600000, 0x00000000c2700000, 0x00000000c2700000|100%| O|  |TAMS 0x00000000c2700000, 0x00000000c2600000| Untracked 
|   7|0x00000000c2700000, 0x00000000c2800000, 0x00000000c2800000|100%| O|  |TAMS 0x00000000c2800000, 0x00000000c2700000| Untracked 
|   8|0x00000000c2800000, 0x00000000c2900000, 0x00000000c2900000|100%| O|  |TAMS 0x00000000c28f4c00, 0x00000000c2800000| Untracked 
|   9|0x00000000c2900000, 0x00000000c2a00000, 0x00000000c2a00000|100%| O|  |TAMS 0x00000000c2900000, 0x00000000c2900000| Untracked 
|  10|0x00000000c2a00000, 0x00000000c2b00000, 0x00000000c2b00000|100%| O|  |TAMS 0x00000000c2a00000, 0x00000000c2a00000| Untracked 
|  11|0x00000000c2b00000, 0x00000000c2c00000, 0x00000000c2c00000|100%| O|  |TAMS 0x00000000c2b00000, 0x00000000c2b00000| Untracked 
|  12|0x00000000c2c00000, 0x00000000c2c00000, 0x00000000c2d00000|  0%| F|  |TAMS 0x00000000c2c00000, 0x00000000c2c00000| Untracked 
|  13|0x00000000c2d00000, 0x00000000c2d00000, 0x00000000c2e00000|  0%| F|  |TAMS 0x00000000c2d00000, 0x00000000c2d00000| Untracked 
|  14|0x00000000c2e00000, 0x00000000c2e00000, 0x00000000c2f00000|  0%| F|  |TAMS 0x00000000c2e00000, 0x00000000c2e00000| Untracked 
|  15|0x00000000c2f00000, 0x00000000c2f00000, 0x00000000c3000000|  0%| F|  |TAMS 0x00000000c2f00000, 0x00000000c2f00000| Untracked 
|  16|0x00000000c3000000, 0x00000000c3000000, 0x00000000c3100000|  0%| F|  |TAMS 0x00000000c3000000, 0x00000000c3000000| Untracked 
|  17|0x00000000c3100000, 0x00000000c3100000, 0x00000000c3200000|  0%| F|  |TAMS 0x00000000c3100000, 0x00000000c3100000| Untracked 
|  18|0x00000000c3200000, 0x00000000c3200000, 0x00000000c3300000|  0%| F|  |TAMS 0x00000000c3200000, 0x00000000c3200000| Untracked 
|  19|0x00000000c3300000, 0x00000000c3300000, 0x00000000c3400000|  0%| F|  |TAMS 0x00000000c3300000, 0x00000000c3300000| Untracked 
|  20|0x00000000c3400000, 0x00000000c3400000, 0x00000000c3500000|  0%| F|  |TAMS 0x00000000c3400000, 0x00000000c3400000| Untracked 
|  21|0x00000000c3500000, 0x00000000c3500000, 0x00000000c3600000|  0%| F|  |TAMS 0x00000000c3500000, 0x00000000c3500000| Untracked 
|  22|0x00000000c3600000, 0x00000000c3600000, 0x00000000c3700000|  0%| F|  |TAMS 0x00000000c3600000, 0x00000000c3600000| Untracked 
|  23|0x00000000c3700000, 0x00000000c3700000, 0x00000000c3800000|  0%| F|  |TAMS 0x00000000c3700000, 0x00000000c3700000| Untracked 
|  24|0x00000000c3800000, 0x00000000c3800000, 0x00000000c3900000|  0%| F|  |TAMS 0x00000000c3800000, 0x00000000c3800000| Untracked 
|  25|0x00000000c3900000, 0x00000000c3900000, 0x00000000c3a00000|  0%| F|  |TAMS 0x00000000c3900000, 0x00000000c3900000| Untracked 
|  26|0x00000000c3a00000, 0x00000000c3a00000, 0x00000000c3b00000|  0%| F|  |TAMS 0x00000000c3a00000, 0x00000000c3a00000| Untracked 
|  27|0x00000000c3b00000, 0x00000000c3b00000, 0x00000000c3c00000|  0%| F|  |TAMS 0x00000000c3b00000, 0x00000000c3b00000| Untracked 
|  28|0x00000000c3c00000, 0x00000000c3c00000, 0x00000000c3d00000|  0%| F|  |TAMS 0x00000000c3c00000, 0x00000000c3c00000| Untracked 
|  29|0x00000000c3d00000, 0x00000000c3d00000, 0x00000000c3e00000|  0%| F|  |TAMS 0x00000000c3d00000, 0x00000000c3d00000| Untracked 
|  30|0x00000000c3e00000, 0x00000000c3e00000, 0x00000000c3f00000|  0%| F|  |TAMS 0x00000000c3e00000, 0x00000000c3e00000| Untracked 
|  31|0x00000000c3f00000, 0x00000000c3f00000, 0x00000000c4000000|  0%| F|  |TAMS 0x00000000c3f00000, 0x00000000c3f00000| Untracked 
|  32|0x00000000c4000000, 0x00000000c4000000, 0x00000000c4100000|  0%| F|  |TAMS 0x00000000c4000000, 0x00000000c4000000| Untracked 
|  33|0x00000000c4100000, 0x00000000c4100000, 0x00000000c4200000|  0%| F|  |TAMS 0x00000000c4100000, 0x00000000c4100000| Untracked 
|  34|0x00000000c4200000, 0x00000000c4300000, 0x00000000c4300000|100%| S|CS|TAMS 0x00000000c4200000, 0x00000000c4200000| Complete 
|  35|0x00000000c4300000, 0x00000000c4400000, 0x00000000c4400000|100%| S|CS|TAMS 0x00000000c4300000, 0x00000000c4300000| Complete 
|  36|0x00000000c4400000, 0x00000000c4400000, 0x00000000c4500000|  0%| F|  |TAMS 0x00000000c4400000, 0x00000000c4400000| Untracked 
|  37|0x00000000c4500000, 0x00000000c4500000, 0x00000000c4600000|  0%| F|  |TAMS 0x00000000c4500000, 0x00000000c4500000| Untracked 
|  38|0x00000000c4600000, 0x00000000c4600000, 0x00000000c4700000|  0%| F|  |TAMS 0x00000000c4600000, 0x00000000c4600000| Untracked 
|  39|0x00000000c4700000, 0x00000000c4700000, 0x00000000c4800000|  0%| F|  |TAMS 0x00000000c4700000, 0x00000000c4700000| Untracked 
|  40|0x00000000c4800000, 0x00000000c4800000, 0x00000000c4900000|  0%| F|  |TAMS 0x00000000c4800000, 0x00000000c4800000| Untracked 
|  41|0x00000000c4900000, 0x00000000c4900000, 0x00000000c4a00000|  0%| F|  |TAMS 0x00000000c4900000, 0x00000000c4900000| Untracked 
|  42|0x00000000c4a00000, 0x00000000c4a00000, 0x00000000c4b00000|  0%| F|  |TAMS 0x00000000c4a00000, 0x00000000c4a00000| Untracked 
|  43|0x00000000c4b00000, 0x00000000c4b00000, 0x00000000c4c00000|  0%| F|  |TAMS 0x00000000c4b00000, 0x00000000c4b00000| Untracked 
|  44|0x00000000c4c00000, 0x00000000c4c00000, 0x00000000c4d00000|  0%| F|  |TAMS 0x00000000c4c00000, 0x00000000c4c00000| Untracked 
|  45|0x00000000c4d00000, 0x00000000c4d00000, 0x00000000c4e00000|  0%| F|  |TAMS 0x00000000c4d00000, 0x00000000c4d00000| Untracked 
|  46|0x00000000c4e00000, 0x00000000c4e00000, 0x00000000c4f00000|  0%| F|  |TAMS 0x00000000c4e00000, 0x00000000c4e00000| Untracked 
|  47|0x00000000c4f00000, 0x00000000c4f00000, 0x00000000c5000000|  0%| F|  |TAMS 0x00000000c4f00000, 0x00000000c4f00000| Untracked 
|  48|0x00000000c5000000, 0x00000000c5000000, 0x00000000c5100000|  0%| F|  |TAMS 0x00000000c5000000, 0x00000000c5000000| Untracked 
|  49|0x00000000c5100000, 0x00000000c5100000, 0x00000000c5200000|  0%| F|  |TAMS 0x00000000c5100000, 0x00000000c5100000| Untracked 
|  50|0x00000000c5200000, 0x00000000c5200000, 0x00000000c5300000|  0%| F|  |TAMS 0x00000000c5200000, 0x00000000c5200000| Untracked 
|  51|0x00000000c5300000, 0x00000000c5300000, 0x00000000c5400000|  0%| F|  |TAMS 0x00000000c5300000, 0x00000000c5300000| Untracked 
|  52|0x00000000c5400000, 0x00000000c5400000, 0x00000000c5500000|  0%| F|  |TAMS 0x00000000c5400000, 0x00000000c5400000| Untracked 
|  53|0x00000000c5500000, 0x00000000c5500000, 0x00000000c5600000|  0%| F|  |TAMS 0x00000000c5500000, 0x00000000c5500000| Untracked 
|  54|0x00000000c5600000, 0x00000000c5600000, 0x00000000c5700000|  0%| F|  |TAMS 0x00000000c5600000, 0x00000000c5600000| Untracked 
|  55|0x00000000c5700000, 0x00000000c5700000, 0x00000000c5800000|  0%| F|  |TAMS 0x00000000c5700000, 0x00000000c5700000| Untracked 
|  56|0x00000000c5800000, 0x00000000c5800000, 0x00000000c5900000|  0%| F|  |TAMS 0x00000000c5800000, 0x00000000c5800000| Untracked 
|  57|0x00000000c5900000, 0x00000000c5900000, 0x00000000c5a00000|  0%| F|  |TAMS 0x00000000c5900000, 0x00000000c5900000| Untracked 
|  58|0x00000000c5a00000, 0x00000000c5a00000, 0x00000000c5b00000|  0%| F|  |TAMS 0x00000000c5a00000, 0x00000000c5a00000| Untracked 
|  59|0x00000000c5b00000, 0x00000000c5b00000, 0x00000000c5c00000|  0%| F|  |TAMS 0x00000000c5b00000, 0x00000000c5b00000| Untracked 
|  60|0x00000000c5c00000, 0x00000000c5c00000, 0x00000000c5d00000|  0%| F|  |TAMS 0x00000000c5c00000, 0x00000000c5c00000| Untracked 
|  61|0x00000000c5d00000, 0x00000000c5d00000, 0x00000000c5e00000|  0%| F|  |TAMS 0x00000000c5d00000, 0x00000000c5d00000| Untracked 

Card table byte_map: [0x0000022d1f1f0000,0x0000022d1f3e0000] _byte_map_base: 0x0000022d1ebe0000

Marking Bits (Prev, Next): (CMBitMap*) 0x0000022d078ef968, (CMBitMap*) 0x0000022d078ef9a0
 Prev Bits: [0x0000022d1f5d0000, 0x0000022d20550000)
 Next Bits: [0x0000022d20550000, 0x0000022d214d0000)

Polling page: 0x0000022d05650000

Metaspace:

Usage:
  Non-class:     27.64 MB capacity,    27.17 MB ( 98%) used,   400.47 KB (  1%) free+waste,    82.44 KB ( <1%) overhead. 
      Class:      3.56 MB capacity,     3.29 MB ( 92%) used,   236.18 KB (  6%) free+waste,    38.63 KB (  1%) overhead. 
       Both:     31.21 MB capacity,    30.47 MB ( 98%) used,   636.65 KB (  2%) free+waste,   121.06 KB ( <1%) overhead. 

Virtual space:
  Non-class space:       28.00 MB reserved,      27.75 MB (>99%) committed 
      Class space:        1.00 GB reserved,       3.63 MB ( <1%) committed 
             Both:        1.03 GB reserved,      31.38 MB (  3%) committed 

Chunk freelists:
   Non-Class:  45.00 KB
       Class:  0 bytes
        Both:  45.00 KB

MaxMetaspaceSize: 17179869184.00 GB
CompressedClassSpaceSize: 1.00 GB
Initial GC threshold: 20.80 MB
Current GC threshold: 41.67 MB
CDS: off

CodeHeap 'non-profiled nmethods': size=120064Kb used=1047Kb max_used=1047Kb free=119016Kb
 bounds [0x0000022d17ac0000, 0x0000022d17d30000, 0x0000022d1f000000]
CodeHeap 'profiled nmethods': size=120000Kb used=5546Kb max_used=5546Kb free=114454Kb
 bounds [0x0000022d10590000, 0x0000022d10b00000, 0x0000022d17ac0000]
CodeHeap 'non-nmethods': size=5696Kb used=1214Kb max_used=1237Kb free=4481Kb
 bounds [0x0000022d10000000, 0x0000022d10270000, 0x0000022d10590000]
 total_blobs=3036 nmethods=2551 adapters=397
 compilation: enabled
              stopped_count=0, restarted_count=0
 full_count=0

Compilation events (20 events):
Event: 8.802 Thread 0x0000022d241d3000 2559       3       java.lang.invoke.MethodHandleNatives$CallSiteContext::<init> (5 bytes)
Event: 8.802 Thread 0x0000022d241d3000 nmethod 2559 0x0000022d10af6810 code [0x0000022d10af69c0, 0x0000022d10af6b18]
Event: 8.805 Thread 0x0000022d241d3000 2560       3       java.lang.invoke.BoundMethodHandle::rebind (14 bytes)
Event: 8.807 Thread 0x0000022d241d3000 nmethod 2560 0x0000022d10af6c10 code [0x0000022d10af6e60, 0x0000022d10af77a8]
Event: 8.807 Thread 0x0000022d241d3000 2561       3       java.lang.invoke.BoundMethodHandle::tooComplex (27 bytes)
Event: 8.808 Thread 0x0000022d241d3000 nmethod 2561 0x0000022d10af7b10 code [0x0000022d10af7d00, 0x0000022d10af8158]
Event: 8.808 Thread 0x0000022d241cc000 2562       4       java.lang.ref.Cleaner$1::apply (9 bytes)
Event: 8.810 Thread 0x0000022d241cc000 nmethod 2562 0x0000022d17bc5990 code [0x0000022d17bc5b20, 0x0000022d17bc5bb8]
Event: 8.810 Thread 0x0000022d241d3000 2563       3       com.google.common.collect.Hashing::smear (19 bytes)
Event: 8.810 Thread 0x0000022d241d3000 nmethod 2563 0x0000022d10af8310 code [0x0000022d10af84c0, 0x0000022d10af8638]
Event: 8.810 Thread 0x0000022d241d3000 2565  s    3       java.lang.StringBuffer::append (13 bytes)
Event: 8.810 Thread 0x0000022d241d3000 nmethod 2565 0x0000022d10af8710 code [0x0000022d10af88e0, 0x0000022d10af8ba8]
Event: 8.810 Thread 0x0000022d241d3000 2564       3       java.lang.Integer::rotateLeft (9 bytes)
Event: 8.811 Thread 0x0000022d241d3000 nmethod 2564 0x0000022d10af8c90 code [0x0000022d10af8e40, 0x0000022d10af8f38]
Event: 8.811 Thread 0x0000022d241d3000 2566       3       java.util.stream.AbstractPipeline::sourceSpliterator (265 bytes)
Event: 8.812 Thread 0x0000022d241d3000 nmethod 2566 0x0000022d10af9010 code [0x0000022d10af92a0, 0x0000022d10afa028]
Event: 8.812 Thread 0x0000022d241d3000 2568       1       com.google.common.collect.ImmutableEntry::getKey (5 bytes)
Event: 8.812 Thread 0x0000022d241d3000 nmethod 2568 0x0000022d17bc5c90 code [0x0000022d17bc5e40, 0x0000022d17bc5ef8]
Event: 8.812 Thread 0x0000022d241d3000 2567       3       java.util.stream.Sink::end (1 bytes)
Event: 8.812 Thread 0x0000022d241d3000 nmethod 2567 0x0000022d10afa490 code [0x0000022d10afa640, 0x0000022d10afa738]

GC Heap History (11 events):
Event: 1.531 GC heap before
{Heap before GC invocations=0 (full 0):
 garbage-first heap   total 63488K, used 13312K [0x00000000c2000000, 0x0000000100000000)
  region size 1024K, 14 young (14336K), 0 survivors (0K)
 Metaspace       used 10951K, capacity 11166K, committed 11520K, reserved 1058816K
  class space    used 1076K, capacity 1175K, committed 1280K, reserved 1048576K
}
Event: 1.543 GC heap after
{Heap after GC invocations=1 (full 0):
 garbage-first heap   total 63488K, used 5346K [0x00000000c2000000, 0x0000000100000000)
  region size 1024K, 2 young (2048K), 2 survivors (2048K)
 Metaspace       used 10951K, capacity 11166K, committed 11520K, reserved 1058816K
  class space    used 1076K, capacity 1175K, committed 1280K, reserved 1048576K
}
Event: 2.475 GC heap before
{Heap before GC invocations=1 (full 0):
 garbage-first heap   total 63488K, used 15586K [0x00000000c2000000, 0x0000000100000000)
  region size 1024K, 12 young (12288K), 2 survivors (2048K)
 Metaspace       used 14090K, capacity 14311K, committed 14592K, reserved 1062912K
  class space    used 1363K, capacity 1456K, committed 1536K, reserved 1048576K
}
Event: 2.483 GC heap after
{Heap after GC invocations=2 (full 0):
 garbage-first heap   total 63488K, used 6231K [0x00000000c2000000, 0x0000000100000000)
  region size 1024K, 1 young (1024K), 1 survivors (1024K)
 Metaspace       used 14090K, capacity 14311K, committed 14592K, reserved 1062912K
  class space    used 1363K, capacity 1456K, committed 1536K, reserved 1048576K
}
Event: 3.838 GC heap before
{Heap before GC invocations=2 (full 0):
 garbage-first heap   total 63488K, used 27735K [0x00000000c2000000, 0x0000000100000000)
  region size 1024K, 23 young (23552K), 1 survivors (1024K)
 Metaspace       used 20156K, capacity 20626K, committed 20736K, reserved 1067008K
  class space    used 2040K, capacity 2215K, committed 2304K, reserved 1048576K
}
Event: 3.849 GC heap after
{Heap after GC invocations=3 (full 0):
 garbage-first heap   total 63488K, used 8223K [0x00000000c2000000, 0x0000000100000000)
  region size 1024K, 3 young (3072K), 3 survivors (3072K)
 Metaspace       used 20156K, capacity 20626K, committed 20736K, reserved 1067008K
  class space    used 2040K, capacity 2215K, committed 2304K, reserved 1048576K
}
Event: 3.930 GC heap before
{Heap before GC invocations=3 (full 0):
 garbage-first heap   total 63488K, used 8223K [0x00000000c2000000, 0x0000000100000000)
  region size 1024K, 4 young (4096K), 3 survivors (3072K)
 Metaspace       used 20730K, capacity 21218K, committed 21248K, reserved 1069056K
  class space    used 2098K, capacity 2285K, committed 2304K, reserved 1048576K
}
Event: 3.939 GC heap after
{Heap after GC invocations=4 (full 0):
 garbage-first heap   total 63488K, used 8575K [0x00000000c2000000, 0x0000000100000000)
  region size 1024K, 1 young (1024K), 1 survivors (1024K)
 Metaspace       used 20730K, capacity 21218K, committed 21248K, reserved 1069056K
  class space    used 2098K, capacity 2285K, committed 2304K, reserved 1048576K
}
Event: 4.627 GC heap before
{Heap before GC invocations=5 (full 0):
 garbage-first heap   total 63488K, used 31103K [0x00000000c2000000, 0x0000000100000000)
  region size 1024K, 23 young (23552K), 1 survivors (1024K)
 Metaspace       used 24687K, capacity 25267K, committed 25600K, reserved 1073152K
  class space    used 2513K, capacity 2738K, committed 2816K, reserved 1048576K
}
Event: 4.636 GC heap after
{Heap after GC invocations=6 (full 0):
 garbage-first heap   total 63488K, used 12243K [0x00000000c2000000, 0x0000000100000000)
  region size 1024K, 3 young (3072K), 3 survivors (3072K)
 Metaspace       used 24687K, capacity 25267K, committed 25600K, reserved 1073152K
  class space    used 2513K, capacity 2738K, committed 2816K, reserved 1048576K
}
Event: 8.818 GC heap before
{Heap before GC invocations=7 (full 0):
 garbage-first heap   total 63488K, used 34771K [0x00000000c2000000, 0x0000000100000000)
  region size 1024K, 26 young (26624K), 3 survivors (3072K)
 Metaspace       used 31197K, capacity 31955K, committed 32128K, reserved 1077248K
  class space    used 3373K, capacity 3648K, committed 3712K, reserved 1048576K
}

Deoptimization events (20 events):
Event: 7.765 Thread 0x0000022d078c1800 Uncommon trap: trap_request=0xffffff4d fr.pc=0x0000022d17b3d118 relative=0x0000000000000258
Event: 7.765 Thread 0x0000022d078c1800 Uncommon trap: reason=unstable_if action=reinterpret pc=0x0000022d17b3d118 method=java.lang.String.getChars(II[CI)V @ 23 c2
Event: 7.765 Thread 0x0000022d078c1800 DEOPT PACKING pc=0x0000022d17b3d118 sp=0x00000084c90fc990
Event: 7.765 Thread 0x0000022d078c1800 DEOPT UNPACKING pc=0x0000022d1004a1af sp=0x00000084c90fc928 mode 2
Event: 7.766 Thread 0x0000022d078c1800 Uncommon trap: trap_request=0xffffff4d fr.pc=0x0000022d17ad0ff8 relative=0x0000000000000158
Event: 7.766 Thread 0x0000022d078c1800 Uncommon trap: reason=unstable_if action=reinterpret pc=0x0000022d17ad0ff8 method=java.lang.StringLatin1.canEncode(I)Z @ 4 c2
Event: 7.766 Thread 0x0000022d078c1800 DEOPT PACKING pc=0x0000022d17ad0ff8 sp=0x00000084c90fc8d0
Event: 7.766 Thread 0x0000022d078c1800 DEOPT UNPACKING pc=0x0000022d1004a1af sp=0x00000084c90fc7f0 mode 2
Event: 7.766 Thread 0x0000022d078c1800 Uncommon trap: trap_request=0xffffff4d fr.pc=0x0000022d17aff328 relative=0x0000000000000468
Event: 7.766 Thread 0x0000022d078c1800 Uncommon trap: reason=unstable_if action=reinterpret pc=0x0000022d17aff328 method=java.lang.AbstractStringBuilder.putStringAt(ILjava/lang/String;)V @ 8 c2
Event: 7.766 Thread 0x0000022d078c1800 DEOPT PACKING pc=0x0000022d17aff328 sp=0x00000084c90fc890
Event: 7.766 Thread 0x0000022d078c1800 DEOPT UNPACKING pc=0x0000022d1004a1af sp=0x00000084c90fc7f0 mode 2
Event: 7.818 Thread 0x0000022d078c1800 Uncommon trap: trap_request=0xffffff4d fr.pc=0x0000022d17b1952c relative=0x000000000000056c
Event: 7.818 Thread 0x0000022d078c1800 Uncommon trap: reason=unstable_if action=reinterpret pc=0x0000022d17b1952c method=java.lang.String.replace(CC)Ljava/lang/String; @ 2 c2
Event: 7.818 Thread 0x0000022d078c1800 DEOPT PACKING pc=0x0000022d17b1952c sp=0x00000084c90fcd70
Event: 7.818 Thread 0x0000022d078c1800 DEOPT UNPACKING pc=0x0000022d1004a1af sp=0x00000084c90fcd30 mode 2
Event: 8.730 Thread 0x0000022d078c1800 Uncommon trap: trap_request=0xffffff4d fr.pc=0x0000022d17b43950 relative=0x0000000000000090
Event: 8.730 Thread 0x0000022d078c1800 Uncommon trap: reason=unstable_if action=reinterpret pc=0x0000022d17b43950 method=sun.reflect.generics.parser.SignatureParser.current()C @ 39 c2
Event: 8.730 Thread 0x0000022d078c1800 DEOPT PACKING pc=0x0000022d17b43950 sp=0x00000084c90fb6e0
Event: 8.730 Thread 0x0000022d078c1800 DEOPT UNPACKING pc=0x0000022d1004a1af sp=0x00000084c90fb678 mode 2

Classes redefined (0 events):
No events

Internal exceptions (20 events):
Event: 4.551 Thread 0x0000022d078c1800 Exception <a 'java/lang/NoSuchMethodError'{0x00000000c4b344a8}: 'java.lang.Object java.lang.invoke.DirectMethodHandle$Holder.invokeVirtual(java.lang.Object, java.lang.Object, java.lang.Object)'> (0x00000000c4b344a8) thrown at [./src/hotspot/share/interpreter/linkResolver.cpp, line 773]
Event: 4.573 Thread 0x0000022d078c1800 Exception <a 'java/lang/NoSuchMethodError'{0x00000000c4bc7870}: 'void java.lang.invoke.DirectMethodHandle$Holder.invokeStatic(java.lang.Object, java.lang.Object, java.lang.Object, java.lang.Object, java.lang.Object)'> (0x00000000c4bc7870) thrown at [./src/hotspot/share/interpreter/linkResolver.cpp, line 773]
Event: 5.185 Thread 0x0000022d078c1800 Implicit null exception at 0x0000022d17b6362c to 0x0000022d17b637da
Event: 5.452 Thread 0x0000022d078c1800 Exception <a 'java/lang/NoSuchMethodError'{0x00000000c55142d8}: 'void java.lang.invoke.DirectMethodHandle$Holder.invokeStatic(java.lang.Object, long)'> (0x00000000c55142d8) thrown at [./src/hotspot/share/interpreter/linkResolver.cpp, line 773]
Event: 5.453 Thread 0x0000022d078c1800 Exception <a 'java/lang/NoSuchMethodError'{0x00000000c55197d8}: 'java.lang.Object java.lang.invoke.DirectMethodHandle$Holder.invokeStatic(java.lang.Object, long)'> (0x00000000c55197d8) thrown at [./src/hotspot/share/interpreter/linkResolver.cpp, line 773]
Event: 5.457 Thread 0x0000022d078c1800 Exception <a 'java/lang/NoSuchMethodError'{0x00000000c5527ba0}: 'java.lang.Object java.lang.invoke.DirectMethodHandle$Holder.invokeStaticInit(java.lang.Object, java.lang.Object, long, java.lang.Object)'> (0x00000000c5527ba0) thrown at [./src/hotspot/share/interpreter/linkResolver.cpp, line 773]
Event: 5.458 Thread 0x0000022d078c1800 Exception <a 'java/lang/NoSuchMethodError'{0x00000000c552dd38}: 'java.lang.Object java.lang.invoke.DirectMethodHandle$Holder.invokeStatic(java.lang.Object, java.lang.Object, long)'> (0x00000000c552dd38) thrown at [./src/hotspot/share/interpreter/linkResolver.cpp, line 773]
Event: 5.458 Thread 0x0000022d078c1800 Exception <a 'java/lang/NoSuchMethodError'{0x00000000c55342b0}: 'java.lang.Object java.lang.invoke.Invokers$Holder.linkToTargetMethod(java.lang.Object, long, java.lang.Object)'> (0x00000000c55342b0) thrown at [./src/hotspot/share/interpreter/linkResolver.cpp, line 773]
Event: 7.850 Thread 0x0000022d25602800 Exception <a 'java/net/ConnectException'{0x00000000c4a08218}: Connection refused: connect> (0x00000000c4a08218) thrown at [./src/hotspot/share/prims/jni.cpp, line 637]
Event: 7.873 Thread 0x0000022d25602800 Exception <a 'java/net/ConnectException'{0x00000000c4a092a8}: Connection refused: connect> (0x00000000c4a092a8) thrown at [./src/hotspot/share/prims/jni.cpp, line 637]
Event: 7.908 Thread 0x0000022d25602800 Exception <a 'java/net/ConnectException'{0x00000000c4a0a228}: Connection refused: connect> (0x00000000c4a0a228) thrown at [./src/hotspot/share/prims/jni.cpp, line 637]
Event: 7.975 Thread 0x0000022d25602800 Exception <a 'java/net/ConnectException'{0x00000000c4a0b1a8}: Connection refused: connect> (0x00000000c4a0b1a8) thrown at [./src/hotspot/share/prims/jni.cpp, line 637]
Event: 8.062 Thread 0x0000022d25602800 Exception <a 'java/net/ConnectException'{0x00000000c4a0c128}: Connection refused: connect> (0x00000000c4a0c128) thrown at [./src/hotspot/share/prims/jni.cpp, line 637]
Event: 8.228 Thread 0x0000022d25602800 Exception <a 'java/net/ConnectException'{0x00000000c4a0d0a8}: Connection refused: connect> (0x00000000c4a0d0a8) thrown at [./src/hotspot/share/prims/jni.cpp, line 637]
Event: 8.681 Thread 0x0000022d078c1800 Exception <a 'java/lang/NoSuchMethodError'{0x00000000c490dd20}: 'java.lang.Object java.lang.invoke.DirectMethodHandle$Holder.invokeInterface(java.lang.Object, java.lang.Object, java.lang.Object)'> (0x00000000c490dd20) thrown at [./src/hotspot/share/interpreter/linkResolver.cpp, line 773]
Event: 8.682 Thread 0x0000022d078c1800 Exception <a 'java/lang/IncompatibleClassChangeError'{0x00000000c4910f50}: Found class java.lang.Object, but interface was expected> (0x00000000c4910f50) thrown at [./src/hotspot/share/interpreter/linkResolver.cpp, line 839]
Event: 8.687 Thread 0x0000022d078c1800 Exception <a 'java/lang/NoSuchMethodError'{0x00000000c491dab0}: 'java.lang.Object java.lang.invoke.DirectMethodHandle$Holder.invokeInterface(java.lang.Object, java.lang.Object, java.lang.Object, java.lang.Object)'> (0x00000000c491dab0) thrown at [./src/hotspot/share/interpreter/linkResolver.cpp, line 773]
Event: 8.738 Thread 0x0000022d078c1800 Exception <a 'java/lang/NoSuchMethodError'{0x00000000c4838b40}: 'double java.lang.invoke.DirectMethodHandle$Holder.invokeVirtual(java.lang.Object, java.lang.Object)'> (0x00000000c4838b40) thrown at [./src/hotspot/share/interpreter/linkResolver.cpp, line 773]
Event: 8.740 Thread 0x0000022d078c1800 Exception <a 'java/lang/NoSuchMethodError'{0x00000000c483e910}: 'float java.lang.invoke.DirectMethodHandle$Holder.invokeVirtual(java.lang.Object, java.lang.Object)'> (0x00000000c483e910) thrown at [./src/hotspot/share/interpreter/linkResolver.cpp, line 773]
Event: 8.741 Thread 0x0000022d078c1800 Exception <a 'java/lang/NoSuchMethodError'{0x00000000c4847038}: 'long java.lang.invoke.DirectMethodHandle$Holder.invokeVirtual(java.lang.Object, java.lang.Object)'> (0x00000000c4847038) thrown at [./src/hotspot/share/interpreter/linkResolver.cpp, line 773]

Events (20 events):
Event: 8.812 loading class java/util/function/UnaryOperator done
Event: 8.813 loading class org/openqa/selenium/json/JsonOutput$JsonCollection
Event: 8.813 loading class org/openqa/selenium/json/JsonOutput$JsonCollection done
Event: 8.813 loading class org/openqa/selenium/json/JsonOutput
Event: 8.813 loading class org/openqa/selenium/json/JsonOutput done
Event: 8.815 loading class com/google/common/io/CharStreams
Event: 8.815 loading class com/google/common/io/CharStreams done
Event: 8.816 loading class com/google/common/io/CharStreams$NullWriter
Event: 8.816 loading class com/google/common/io/CharStreams$NullWriter done
Event: 8.816 loading class com/google/common/io/AppendableWriter
Event: 8.816 loading class com/google/common/io/AppendableWriter done
Event: 8.817 loading class org/openqa/selenium/remote/session/CapabilitiesFilter
Event: 8.817 loading class org/openqa/selenium/remote/session/CapabilitiesFilter done
Event: 8.817 loading class com/google/common/collect/ImmutableSet$Builder
Event: 8.817 loading class com/google/common/collect/ImmutableSet$Builder done
Event: 8.817 loading class org/openqa/selenium/remote/session/CapabilitiesFilter
Event: 8.817 loading class org/openqa/selenium/remote/session/CapabilitiesFilter done
Event: 8.817 loading class com/google/common/collect/ImmutableSet$Builder
Event: 8.817 loading class com/google/common/collect/ImmutableSet$Builder done
Event: 8.817 Executing VM operation: G1CollectForAllocation


Dynamic libraries:
0x00007ff7ad6c0000 - 0x00007ff7ad6cd000 	C:\Users\DELL\.jdks\corretto-11.0.14.1\bin\java.exe
0x00007ffa4dd50000 - 0x00007ffa4df48000 	C:\WINDOWS\SYSTEM32\ntdll.dll
0x00007ffa4cca0000 - 0x00007ffa4cd5f000 	C:\WINDOWS\System32\KERNEL32.DLL
0x00007ffa4b9e0000 - 0x00007ffa4bcd6000 	C:\WINDOWS\System32\KERNELBASE.dll
0x00007ffa4b8e0000 - 0x00007ffa4b9e0000 	C:\WINDOWS\System32\ucrtbase.dll
0x00007ffa3f040000 - 0x00007ffa3f057000 	C:\Users\DELL\.jdks\corretto-11.0.14.1\bin\jli.dll
0x00007ffa4c070000 - 0x00007ffa4c20d000 	C:\WINDOWS\System32\USER32.dll
0x00007ffa4bce0000 - 0x00007ffa4bd02000 	C:\WINDOWS\System32\win32u.dll
0x00007ffa4d870000 - 0x00007ffa4d89c000 	C:\WINDOWS\System32\GDI32.dll
0x00007ffa4b770000 - 0x00007ffa4b885000 	C:\WINDOWS\System32\gdi32full.dll
0x00007ffa4bd10000 - 0x00007ffa4bdad000 	C:\WINDOWS\System32\msvcp_win.dll
0x00007ffa34cf0000 - 0x00007ffa34d09000 	C:\Users\DELL\.jdks\corretto-11.0.14.1\bin\VCRUNTIME140.dll
0x00007ffa40870000 - 0x00007ffa40b0a000 	C:\WINDOWS\WinSxS\amd64_microsoft.windows.common-controls_6595b64144ccf1df_6.0.19041.1110_none_60b5254171f9507e\COMCTL32.dll
0x00007ffa4cd60000 - 0x00007ffa4cdfe000 	C:\WINDOWS\System32\msvcrt.dll
0x00007ffa4c2c0000 - 0x00007ffa4c2f0000 	C:\WINDOWS\System32\IMM32.DLL
0x00007ffa2abb0000 - 0x00007ffa2ac4b000 	C:\Users\DELL\.jdks\corretto-11.0.14.1\bin\msvcp140.dll
0x00007ff9d2350000 - 0x00007ff9d2ed3000 	C:\Users\DELL\.jdks\corretto-11.0.14.1\bin\server\jvm.dll
0x00007ffa4ce60000 - 0x00007ffa4cf0f000 	C:\WINDOWS\System32\ADVAPI32.dll
0x00007ffa4bf20000 - 0x00007ffa4bfbc000 	C:\WINDOWS\System32\sechost.dll
0x00007ffa4d740000 - 0x00007ffa4d866000 	C:\WINDOWS\System32\RPCRT4.dll
0x00007ffa4cae0000 - 0x00007ffa4cae8000 	C:\WINDOWS\System32\PSAPI.DLL
0x00007ffa3f900000 - 0x00007ffa3f909000 	C:\WINDOWS\SYSTEM32\WSOCK32.dll
0x00007ffa4cc30000 - 0x00007ffa4cc9b000 	C:\WINDOWS\System32\WS2_32.dll
0x00007ffa3a090000 - 0x00007ffa3a0b7000 	C:\WINDOWS\SYSTEM32\WINMM.dll
0x00007ffa40bb0000 - 0x00007ffa40bba000 	C:\WINDOWS\SYSTEM32\VERSION.dll
0x00007ffa49ca0000 - 0x00007ffa49cb2000 	C:\WINDOWS\SYSTEM32\kernel.appcore.dll
0x00007ffa45420000 - 0x00007ffa45430000 	C:\Users\DELL\.jdks\corretto-11.0.14.1\bin\verify.dll
0x00007ffa49940000 - 0x00007ffa49b24000 	C:\WINDOWS\SYSTEM32\DBGHELP.DLL
0x00007ffa432b0000 - 0x00007ffa432e4000 	C:\WINDOWS\SYSTEM32\dbgcore.DLL
0x00007ffa4b4e0000 - 0x00007ffa4b562000 	C:\WINDOWS\System32\bcryptPrimitives.dll
0x00007ffa2eef0000 - 0x00007ffa2ef18000 	C:\Users\DELL\.jdks\corretto-11.0.14.1\bin\java.dll
0x00007ffa3f960000 - 0x00007ffa3f96a000 	C:\Users\DELL\.jdks\corretto-11.0.14.1\bin\jimage.dll
0x00007ffa3a190000 - 0x00007ffa3a19e000 	C:\Users\DELL\.jdks\corretto-11.0.14.1\bin\instrument.dll
0x00007ffa34280000 - 0x00007ffa34298000 	C:\Users\DELL\.jdks\corretto-11.0.14.1\bin\zip.dll
0x00007ffa4cf70000 - 0x00007ffa4d6b4000 	C:\WINDOWS\System32\SHELL32.dll
0x00007ffa490d0000 - 0x00007ffa49864000 	C:\WINDOWS\SYSTEM32\windows.storage.dll
0x00007ffa4c350000 - 0x00007ffa4c6a4000 	C:\WINDOWS\System32\combase.dll
0x00007ffa4ada0000 - 0x00007ffa4adce000 	C:\WINDOWS\SYSTEM32\Wldp.dll
0x00007ffa4bfc0000 - 0x00007ffa4c06d000 	C:\WINDOWS\System32\SHCORE.dll
0x00007ffa4c2f0000 - 0x00007ffa4c345000 	C:\WINDOWS\System32\shlwapi.dll
0x00007ffa4b360000 - 0x00007ffa4b385000 	C:\WINDOWS\SYSTEM32\profapi.dll
0x00007ffa32da0000 - 0x00007ffa32db9000 	C:\Users\DELL\.jdks\corretto-11.0.14.1\bin\net.dll
0x00007ffa42490000 - 0x00007ffa4259a000 	C:\WINDOWS\SYSTEM32\WINHTTP.dll
0x00007ffa4ab00000 - 0x00007ffa4ab6a000 	C:\WINDOWS\system32\mswsock.dll
0x00007ffa32c20000 - 0x00007ffa32c33000 	C:\Users\DELL\.jdks\corretto-11.0.14.1\bin\nio.dll
0x00007ffa31e50000 - 0x00007ffa31e6a000 	C:\Program Files\JetBrains\IntelliJ IDEA Community Edition 2021.3.3\bin\breakgen64.dll
0x00007ffa4acf0000 - 0x00007ffa4ad08000 	C:\WINDOWS\SYSTEM32\CRYPTSP.dll
0x00007ffa4a420000 - 0x00007ffa4a454000 	C:\WINDOWS\system32\rsaenh.dll
0x00007ffa4b6d0000 - 0x00007ffa4b6f7000 	C:\WINDOWS\System32\bcrypt.dll
0x00007ffa4b320000 - 0x00007ffa4b34e000 	C:\WINDOWS\SYSTEM32\USERENV.dll
0x00007ffa4ad10000 - 0x00007ffa4ad1c000 	C:\WINDOWS\SYSTEM32\CRYPTBASE.dll
0x00007ffa4a7f0000 - 0x00007ffa4a82c000 	C:\WINDOWS\SYSTEM32\IPHLPAPI.DLL
0x00007ffa4bf10000 - 0x00007ffa4bf18000 	C:\WINDOWS\System32\NSI.dll
0x00007ffa42c70000 - 0x00007ffa42c87000 	C:\WINDOWS\SYSTEM32\dhcpcsvc6.DLL
0x00007ffa42e30000 - 0x00007ffa42e4d000 	C:\WINDOWS\SYSTEM32\dhcpcsvc.DLL
0x00007ffa4a830000 - 0x00007ffa4a8fa000 	C:\WINDOWS\SYSTEM32\DNSAPI.dll
0x00007ffa33810000 - 0x00007ffa3381e000 	C:\Users\DELL\.jdks\corretto-11.0.14.1\bin\sunmscapi.dll
0x00007ffa4b570000 - 0x00007ffa4b6ce000 	C:\WINDOWS\System32\CRYPT32.dll
0x00007ffa4ae10000 - 0x00007ffa4ae38000 	C:\WINDOWS\SYSTEM32\ncrypt.dll
0x00007ffa4add0000 - 0x00007ffa4ae0b000 	C:\WINDOWS\SYSTEM32\NTASN1.dll
0x00007ffa2ee40000 - 0x00007ffa2ee65000 	C:\Users\DELL\.jdks\corretto-11.0.14.1\bin\sunec.dll
0x00007ffa405b0000 - 0x00007ffa405ba000 	C:\Windows\System32\rasadhlp.dll
0x00007ffa40bd0000 - 0x00007ffa40c52000 	C:\WINDOWS\System32\fwpuclnt.dll

dbghelp: loaded successfully - version: 4.0.5 - missing functions: none
symbol engine: initialized successfully - sym options: 0x614 - pdb path: .;C:\Users\DELL\.jdks\corretto-11.0.14.1\bin;C:\WINDOWS\SYSTEM32;C:\WINDOWS\WinSxS\amd64_microsoft.windows.common-controls_6595b64144ccf1df_6.0.19041.1110_none_60b5254171f9507e;C:\Users\DELL\.jdks\corretto-11.0.14.1\bin\server;C:\Program Files\JetBrains\IntelliJ IDEA Community Edition 2021.3.3\bin

VM Arguments:
jvm_args: -ea -DnodeNamesHandler=org.jetbrains.plugins.cucumber.java.run.CucumberTestTreeNodeManager -Didea.test.cyclic.buffer.size=1048576 -javaagent:C:\Program Files\JetBrains\IntelliJ IDEA Community Edition 2021.3.3\lib\idea_rt.jar=50167:C:\Program Files\JetBrains\IntelliJ IDEA Community Edition 2021.3.3\bin -Dfile.encoding=UTF-8 
java_command: com.intellij.rt.junit.JUnitStarter -ideVersion5 -junit4 com.qascriptcucumber.TestRunner
java_class_path (initial): C:\Program Files\JetBrains\IntelliJ IDEA Community Edition 2021.3.3\lib\idea_rt.jar;C:\Program Files\JetBrains\IntelliJ IDEA Community Edition 2021.3.3\plugins\junit\lib\junit5-rt.jar;C:\Program Files\JetBrains\IntelliJ IDEA Community Edition 2021.3.3\plugins\junit\lib\junit-rt.jar;G:\CucumberMavenProject\target\test-classes;G:\CucumberMavenProject\target\classes;C:\Users\DELL\.m2\repository\io\cucumber\cucumber-java\6.10.4\cucumber-java-6.10.4.jar;C:\Users\DELL\.m2\repository\io\cucumber\cucumber-core\6.10.4\cucumber-core-6.10.4.jar;C:\Users\DELL\.m2\repository\io\cucumber\cucumber-gherkin\6.10.4\cucumber-gherkin-6.10.4.jar;C:\Users\DELL\.m2\repository\io\cucumber\cucumber-gherkin-messages\6.10.4\cucumber-gherkin-messages-6.10.4.jar;C:\Users\DELL\.m2\repository\io\cucumber\messages\15.0.0\messages-15.0.0.jar;C:\Users\DELL\.m2\repository\io\cucumber\tag-expressions\3.0.1\tag-expressions-3.0.1.jar;C:\Users\DELL\.m2\repository\io\cucumber\cucumber-expressions\10.3.0\cucumber-expressions-10.3.0.jar;C:\Users\DELL\.m2\repository\io\cucumber\datatable\3.5.0\datatable-3.5.0.jar;C:\Users\DELL\.m2\repository\io\cucumber\cucumber-plugin\6.10.4\cucumber-plugin-6.10.4.jar;C:\Users\DELL\.m2\repository\io\cucumber\docstring\6.10.4\docstring-6.10.4.jar;C:\Users\DELL\.m2\repository\io\cucumber\html-formatter\13.0.0\html-formatter-13.0.0.jar;C:\Users\DELL\.m2\repository\io\cucumber\create-meta\4.0.0\create-meta-4.0.0.jar;C:\Users\DELL\.m2\repository\org\apiguardian\apiguardian-api\1.1.1\apiguardian-api-1.1.1.jar;C:\Users\DELL\.m2\repository\io\cucumber\cucumber-junit\6.10.4\cucumber-junit-6.10.4.jar;C:\Users\DELL\.m2\repository\junit\junit\4.13.2\junit-4.13.2.jar;C:\Users\DELL\.m2\repository\org\hamcrest\hamcrest-core\1.3\hamcrest-core-1.3.jar;C:\Users\DELL\.m2\repository\io\cucumber\cucumber-testng\6.10.4\cucumber-testng-6.10.4.jar;C:\Users\DELL\.m2\repository\org\testng\testng\7.4.0\testng-7.4.0.jar;C:\Users\DELL\.m2\repository\com\beust\jcommander\1.7
Launcher Type: SUN_STANDARD

[Global flags]
     intx CICompilerCount                          = 3                                         {product} {ergonomic}
     uint ConcGCThreads                            = 1                                         {product} {ergonomic}
     uint G1ConcRefinementThreads                  = 4                                         {product} {ergonomic}
   size_t G1HeapRegionSize                         = 1048576                                   {product} {ergonomic}
    uintx GCDrainStackTargetSize                   = 64                                        {product} {ergonomic}
   size_t InitialHeapSize                          = 65011712                                  {product} {ergonomic}
   size_t MarkStackSize                            = 4194304                                   {product} {ergonomic}
   size_t MaxHeapSize                              = 1040187392                                {product} {ergonomic}
   size_t MaxNewSize                               = 623902720                                 {product} {ergonomic}
   size_t MinHeapDeltaBytes                        = 1048576                                   {product} {ergonomic}
    uintx NonNMethodCodeHeapSize                   = 5830732                                {pd product} {ergonomic}
    uintx NonProfiledCodeHeapSize                  = 122913754                              {pd product} {ergonomic}
    uintx ProfiledCodeHeapSize                     = 122913754                              {pd product} {ergonomic}
    uintx ReservedCodeCacheSize                    = 251658240                              {pd product} {ergonomic}
     bool SegmentedCodeCache                       = true                                      {product} {ergonomic}
     bool UseCompressedClassPointers               = true                                 {lp64_product} {ergonomic}
     bool UseCompressedOops                        = true                                 {lp64_product} {ergonomic}
     bool UseG1GC                                  = true                                      {product} {ergonomic}
     bool UseLargePagesIndividualAllocation        = false                                  {pd product} {ergonomic}

Logging:
Log output configuration:
 #0: stdout all=warning uptime,level,tags
 #1: stderr all=off uptime,level,tags

Environment Variables:
PATH=C:\Program Files (x86)\Common Files\Oracle\Java\javapath;C:\WINDOWS\system32;C:\WINDOWS;C:\WINDOWS\System32\Wbem;C:\WINDOWS\System32\WindowsPowerShell\v1.0\;C:\WINDOWS\System32\OpenSSH\;C:\Program Files\Git\cmd;C:\Program Files\nodejs\;C:\ProgramData\chocolatey\bin;C:\Program Files (x86)\Java\jre-1.8\bin;C:\Program Files (x86)\Java\jre-1.8\lib;C:\Users\DELL\AppData\Local\Microsoft\WindowsApps;C:\Users\DELL\AppData\Roaming\npm;C:\Users\DELL\AppData\Local\Programs\Microsoft VS Code\bin
USERNAME=DELL
OS=Windows_NT
PROCESSOR_IDENTIFIER=Intel64 Family 6 Model 78 Stepping 3, GenuineIntel



---------------  S Y S T E M  ---------------

OS: Windows 10 , 64 bit Build 19041 (10.0.19041.3155)
OS uptime: 6 days 16:03 hours

CPU:total 4 (initial active 4) (2 cores per cpu, 2 threads per core) family 6 model 78 stepping 3 microcode 0xcc, cmov, cx8, fxsr, mmx, sse, sse2, sse3, ssse3, sse4.1, sse4.2, popcnt, avx, avx2, aes, clmul, erms, 3dnowpref, lzcnt, ht, tsc, tscinvbit, bmi1, bmi2, adx, fma

Memory: 4k page, system-wide physical 3962M (320M free)
TotalPageFile size 6010M (AvailPageFile size 11M)
current process WorkingSet (physical memory assigned to process): 128M, peak: 128M
current process commit charge ("private bytes"): 181M, peak: 194M

vm_info: OpenJDK 64-Bit Server VM (11.0.14.1+10-LTS) for windows-amd64 JRE (11.0.14.1+10-LTS), built on Feb  8 2022 00:13:20 by "Administrator" with unknown MS VC++:1916

END.
